---------------------------------------------------------------
[ 2018-12-04T13:24:45+08:00 ] 127.0.0.1 GET www.activity.com/
[ error ] [1]Class 'Think\Controller' not found
---------------------------------------------------------------
[ 2018-12-04T13:24:50+08:00 ] 127.0.0.1 GET www.activity.com/
[ error ] [1]Class 'Think\Controller' not found
---------------------------------------------------------------
[ 2018-12-04T13:24:53+08:00 ] 127.0.0.1 GET www.activity.com/
[ error ] [1]Class 'Think\Controller' not found
---------------------------------------------------------------
[ 2018-12-04T13:25:59+08:00 ] 127.0.0.1 GET www.activity.com/
[运行时间：0.041075s] [吞吐率：24.35req/s] [内存消耗：1,715.76kb] [文件加载：64]
[ info ] [ LANG ] D:\localhost\activity\thinkphp\lang\zh-cn.php
[ info ] [ ROUTE ] array (
)
[ info ] [ HEADER ] array (
  'cookie' => 'pgv_pvi=1966599168; pgv_si=s5187208192',
  'accept-language' => 'zh-CN,zh;q=0.9',
  'accept-encoding' => 'gzip, deflate',
  'accept' => 'text/html,application/xhtml+xml,application/xml;q=0.9,image/webp,image/apng,*/*;q=0.8',
  'user-agent' => 'Mozilla/5.0 (Windows NT 10.0; WOW64) AppleWebKit/537.36 (KHTML, like Gecko) Chrome/70.0.3538.110 Safari/537.36',
  'upgrade-insecure-requests' => '1',
  'cache-control' => 'max-age=0',
  'connection' => 'close',
  'host' => 'www.activity.com',
)
[ info ] [ PARAM ] array (
)
[ error ] [1]Class 'Think\Controller' not found[D:\localhost\activity\application\index\controller\Base.php:4]
---------------------------------------------------------------
[ 2018-12-04T13:26:10+08:00 ] 127.0.0.1 GET www.activity.com/
[运行时间：0.042611s] [吞吐率：23.47req/s] [内存消耗：1,767.62kb] [文件加载：68]
[ info ] [ LANG ] D:\localhost\activity\thinkphp\lang\zh-cn.php
[ info ] [ ROUTE ] array (
)
[ info ] [ HEADER ] array (
  'cookie' => 'pgv_pvi=1966599168; pgv_si=s5187208192',
  'accept-language' => 'zh-CN,zh;q=0.9',
  'accept-encoding' => 'gzip, deflate',
  'accept' => 'text/html,application/xhtml+xml,application/xml;q=0.9,image/webp,image/apng,*/*;q=0.8',
  'user-agent' => 'Mozilla/5.0 (Windows NT 10.0; WOW64) AppleWebKit/537.36 (KHTML, like Gecko) Chrome/70.0.3538.110 Safari/537.36',
  'upgrade-insecure-requests' => '1',
  'cache-control' => 'max-age=0',
  'connection' => 'close',
  'host' => 'www.activity.com',
)
[ info ] [ PARAM ] array (
)
[ error ] [8]未定义数组索引: PATH_INFO[D:\localhost\activity\application\index\controller\Base.php:12]
---------------------------------------------------------------
[ 2018-12-04T13:28:01+08:00 ] 127.0.0.1 GET www.activity.com/
[运行时间：0.044119s] [吞吐率：22.67req/s] [内存消耗：1,766.12kb] [文件加载：68]
[ info ] [ LANG ] D:\localhost\activity\thinkphp\lang\zh-cn.php
[ info ] [ ROUTE ] array (
)
[ info ] [ HEADER ] array (
  'connection' => 'close',
  'accept-language' => 'zh-CN,zh;q=0.8',
  'accept-encoding' => 'gzip, deflate',
  'accept' => 'text/html,application/xhtml+xml,application/xml;q=0.9,image/webp,image/apng,*/*;q=0.8',
  'user-agent' => 'Mozilla/5.0 (iPhone; CPU iPhone OS 9_1 like Mac OS X) AppleWebKit/601.1.46 (KHTML, like Gecko) Version/9.0 Mobile/13B143 Safari/601.1 wechatdevtools/1.02.1810250 MicroMessenger/6.5.7 Language/zh_CN webview/15439010129235386 webdebugger port/22444',
  'upgrade-insecure-requests' => '1',
  'cache-control' => 'max-age=0',
  'host' => 'www.activity.com',
)
[ info ] [ PARAM ] array (
)
[ error ] [8]未定义变量: redirect[D:\localhost\activity\application\index\controller\Base.php:12]
---------------------------------------------------------------
[ 2018-12-04T13:28:01+08:00 ] 127.0.0.1 GET www.activity.com/
[运行时间：0.038603s] [吞吐率：25.90req/s] [内存消耗：1,766.78kb] [文件加载：68]
[ info ] [ LANG ] D:\localhost\activity\thinkphp\lang\zh-cn.php
[ info ] [ ROUTE ] array (
)
[ info ] [ HEADER ] array (
  'connection' => 'close',
  'cookie' => 'PHPSESSID=knbdqfgch1p138movi6u21u8vd',
  'accept-language' => 'zh-CN,zh;q=0.8',
  'accept-encoding' => 'gzip, deflate',
  'accept' => 'text/html,application/xhtml+xml,application/xml;q=0.9,image/webp,image/apng,*/*;q=0.8',
  'user-agent' => 'Mozilla/5.0 (iPhone; CPU iPhone OS 9_1 like Mac OS X) AppleWebKit/601.1.46 (KHTML, like Gecko) Version/9.0 Mobile/13B143 Safari/601.1 wechatdevtools/1.02.1810250 MicroMessenger/6.5.7 Language/zh_CN webview/15439010129235386 webdebugger port/22444',
  'upgrade-insecure-requests' => '1',
  'cache-control' => 'max-age=0',
  'host' => 'www.activity.com',
)
[ info ] [ PARAM ] array (
)
[ error ] [8]未定义变量: redirect[D:\localhost\activity\application\index\controller\Base.php:12]
---------------------------------------------------------------
[ 2018-12-04T13:29:30+08:00 ] 127.0.0.1 GET www.activity.com/
[运行时间：0.037084s] [吞吐率：26.97req/s] [内存消耗：1,685.44kb] [文件加载：63]
[ info ] [ LANG ] D:\localhost\activity\thinkphp\lang\zh-cn.php
[ info ] [ ROUTE ] array (
)
[ info ] [ HEADER ] array (
  'cookie' => 'pgv_pvi=1966599168; pgv_si=s5187208192; PHPSESSID=bvgbs5it69c6jsli671duo7mbu',
  'accept-language' => 'zh-CN,zh;q=0.9',
  'accept-encoding' => 'gzip, deflate',
  'accept' => 'text/html,application/xhtml+xml,application/xml;q=0.9,image/webp,image/apng,*/*;q=0.8',
  'user-agent' => 'Mozilla/5.0 (Windows NT 10.0; WOW64) AppleWebKit/537.36 (KHTML, like Gecko) Chrome/70.0.3538.110 Safari/537.36',
  'upgrade-insecure-requests' => '1',
  'cache-control' => 'max-age=0',
  'connection' => 'close',
  'host' => 'www.activity.com',
)
[ info ] [ PARAM ] array (
)
---------------------------------------------------------------
[ 2018-12-04T13:29:34+08:00 ] 127.0.0.1 GET www.activity.com/
[运行时间：0.034669s] [吞吐率：28.84req/s] [内存消耗：1,685.92kb] [文件加载：63]
[ info ] [ LANG ] D:\localhost\activity\thinkphp\lang\zh-cn.php
[ info ] [ ROUTE ] array (
)
[ info ] [ HEADER ] array (
  'connection' => 'close',
  'cookie' => 'PHPSESSID=knbdqfgch1p138movi6u21u8vd',
  'accept-language' => 'zh-CN,zh;q=0.8',
  'accept-encoding' => 'gzip, deflate',
  'accept' => 'text/html,application/xhtml+xml,application/xml;q=0.9,image/webp,image/apng,*/*;q=0.8',
  'user-agent' => 'Mozilla/5.0 (iPhone; CPU iPhone OS 9_1 like Mac OS X) AppleWebKit/601.1.46 (KHTML, like Gecko) Version/9.0 Mobile/13B143 Safari/601.1 wechatdevtools/1.02.1810250 MicroMessenger/6.5.7 Language/zh_CN webview/15439010129235386 webdebugger port/22444',
  'upgrade-insecure-requests' => '1',
  'cache-control' => 'max-age=0',
  'host' => 'www.activity.com',
)
[ info ] [ PARAM ] array (
)
---------------------------------------------------------------
[ 2018-12-04T13:29:34+08:00 ] 127.0.0.1 GET www.activity.com/
[运行时间：0.033843s] [吞吐率：29.55req/s] [内存消耗：1,685.92kb] [文件加载：63]
[ info ] [ LANG ] D:\localhost\activity\thinkphp\lang\zh-cn.php
[ info ] [ ROUTE ] array (
)
[ info ] [ HEADER ] array (
  'connection' => 'close',
  'cookie' => 'PHPSESSID=knbdqfgch1p138movi6u21u8vd',
  'accept-language' => 'zh-CN,zh;q=0.8',
  'accept-encoding' => 'gzip, deflate',
  'accept' => 'text/html,application/xhtml+xml,application/xml;q=0.9,image/webp,image/apng,*/*;q=0.8',
  'user-agent' => 'Mozilla/5.0 (iPhone; CPU iPhone OS 9_1 like Mac OS X) AppleWebKit/601.1.46 (KHTML, like Gecko) Version/9.0 Mobile/13B143 Safari/601.1 wechatdevtools/1.02.1810250 MicroMessenger/6.5.7 Language/zh_CN webview/15439010129235386 webdebugger port/22444',
  'upgrade-insecure-requests' => '1',
  'cache-control' => 'max-age=0',
  'host' => 'www.activity.com',
)
[ info ] [ PARAM ] array (
)
---------------------------------------------------------------
[ 2018-12-04T13:31:54+08:00 ] 127.0.0.1 GET www.activity.com/
[运行时间：0.034885s] [吞吐率：28.67req/s] [内存消耗：1,685.53kb] [文件加载：63]
[ info ] [ LANG ] D:\localhost\activity\thinkphp\lang\zh-cn.php
[ info ] [ ROUTE ] array (
)
[ info ] [ HEADER ] array (
  'connection' => 'close',
  'cookie' => 'PHPSESSID=knbdqfgch1p138movi6u21u8vd',
  'accept-language' => 'zh-CN,zh;q=0.8',
  'accept-encoding' => 'gzip, deflate',
  'accept' => 'text/html,application/xhtml+xml,application/xml;q=0.9,image/webp,image/apng,*/*;q=0.8',
  'user-agent' => 'Mozilla/5.0 (iPhone; CPU iPhone OS 9_1 like Mac OS X) AppleWebKit/601.1.46 (KHTML, like Gecko) Version/9.0 Mobile/13B143 Safari/601.1 wechatdevtools/1.02.1810250 MicroMessenger/6.5.7 Language/zh_CN webview/15439010129235386 webdebugger port/22444',
  'upgrade-insecure-requests' => '1',
  'host' => 'www.activity.com',
)
[ info ] [ PARAM ] array (
)
---------------------------------------------------------------
[ 2018-12-04T13:32:10+08:00 ] 127.0.0.1 GET www.activity.com/
[运行时间：0.037821s] [吞吐率：26.44req/s] [内存消耗：1,671.99kb] [文件加载：62]
[ info ] [ LANG ] D:\localhost\activity\thinkphp\lang\zh-cn.php
[ info ] [ ROUTE ] array (
)
[ info ] [ HEADER ] array (
  'connection' => 'close',
  'cookie' => 'PHPSESSID=knbdqfgch1p138movi6u21u8vd',
  'accept-language' => 'zh-CN,zh;q=0.8',
  'accept-encoding' => 'gzip, deflate',
  'accept' => 'text/html,application/xhtml+xml,application/xml;q=0.9,image/webp,image/apng,*/*;q=0.8',
  'user-agent' => 'Mozilla/5.0 (iPhone; CPU iPhone OS 9_1 like Mac OS X) AppleWebKit/601.1.46 (KHTML, like Gecko) Version/9.0 Mobile/13B143 Safari/601.1 wechatdevtools/1.02.1810250 MicroMessenger/6.5.7 Language/zh_CN webview/15439010129235386 webdebugger port/22444',
  'upgrade-insecure-requests' => '1',
  'host' => 'www.activity.com',
)
[ info ] [ PARAM ] array (
)
---------------------------------------------------------------
[ 2018-12-04T13:32:34+08:00 ] 127.0.0.1 GET www.activity.com/
[运行时间：0.038012s] [吞吐率：26.31req/s] [内存消耗：1,671.51kb] [文件加载：62]
[ info ] [ LANG ] D:\localhost\activity\thinkphp\lang\zh-cn.php
[ info ] [ ROUTE ] array (
)
[ info ] [ HEADER ] array (
  'cookie' => 'pgv_pvi=1966599168; pgv_si=s5187208192; PHPSESSID=bvgbs5it69c6jsli671duo7mbu',
  'accept-language' => 'zh-CN,zh;q=0.9',
  'accept-encoding' => 'gzip, deflate',
  'accept' => 'text/html,application/xhtml+xml,application/xml;q=0.9,image/webp,image/apng,*/*;q=0.8',
  'user-agent' => 'Mozilla/5.0 (Windows NT 10.0; WOW64) AppleWebKit/537.36 (KHTML, like Gecko) Chrome/70.0.3538.110 Safari/537.36',
  'upgrade-insecure-requests' => '1',
  'connection' => 'close',
  'host' => 'www.activity.com',
)
[ info ] [ PARAM ] array (
)
---------------------------------------------------------------
[ 2018-12-04T13:34:55+08:00 ] 127.0.0.1 GET www.activity.com/
[运行时间：0.035026s] [吞吐率：28.55req/s] [内存消耗：1,685.92kb] [文件加载：63]
[ info ] [ LANG ] D:\localhost\activity\thinkphp\lang\zh-cn.php
[ info ] [ ROUTE ] array (
)
[ info ] [ HEADER ] array (
  'connection' => 'close',
  'cookie' => 'PHPSESSID=knbdqfgch1p138movi6u21u8vd',
  'accept-language' => 'zh-CN,zh;q=0.8',
  'accept-encoding' => 'gzip, deflate',
  'accept' => 'text/html,application/xhtml+xml,application/xml;q=0.9,image/webp,image/apng,*/*;q=0.8',
  'user-agent' => 'Mozilla/5.0 (iPhone; CPU iPhone OS 9_1 like Mac OS X) AppleWebKit/601.1.46 (KHTML, like Gecko) Version/9.0 Mobile/13B143 Safari/601.1 wechatdevtools/1.02.1810250 MicroMessenger/6.5.7 Language/zh_CN webview/15439010129235386 webdebugger port/22444',
  'upgrade-insecure-requests' => '1',
  'cache-control' => 'max-age=0',
  'host' => 'www.activity.com',
)
[ info ] [ PARAM ] array (
)
---------------------------------------------------------------
[ 2018-12-04T13:34:55+08:00 ] 127.0.0.1 GET www.activity.com/
[运行时间：0.034877s] [吞吐率：28.67req/s] [内存消耗：1,685.92kb] [文件加载：63]
[ info ] [ LANG ] D:\localhost\activity\thinkphp\lang\zh-cn.php
[ info ] [ ROUTE ] array (
)
[ info ] [ HEADER ] array (
  'connection' => 'close',
  'cookie' => 'PHPSESSID=knbdqfgch1p138movi6u21u8vd',
  'accept-language' => 'zh-CN,zh;q=0.8',
  'accept-encoding' => 'gzip, deflate',
  'accept' => 'text/html,application/xhtml+xml,application/xml;q=0.9,image/webp,image/apng,*/*;q=0.8',
  'user-agent' => 'Mozilla/5.0 (iPhone; CPU iPhone OS 9_1 like Mac OS X) AppleWebKit/601.1.46 (KHTML, like Gecko) Version/9.0 Mobile/13B143 Safari/601.1 wechatdevtools/1.02.1810250 MicroMessenger/6.5.7 Language/zh_CN webview/15439010129235386 webdebugger port/22444',
  'upgrade-insecure-requests' => '1',
  'cache-control' => 'max-age=0',
  'host' => 'www.activity.com',
)
[ info ] [ PARAM ] array (
)
---------------------------------------------------------------
[ 2018-12-04T13:37:15+08:00 ] 127.0.0.1 GET www.activity.com/
[运行时间：0.035306s] [吞吐率：28.32req/s] [内存消耗：1,685.65kb] [文件加载：63]
[ info ] [ LANG ] D:\localhost\activity\thinkphp\lang\zh-cn.php
[ info ] [ ROUTE ] array (
)
[ info ] [ HEADER ] array (
  'connection' => 'close',
  'cookie' => 'PHPSESSID=knbdqfgch1p138movi6u21u8vd',
  'accept-language' => 'zh-CN,zh;q=0.8',
  'accept-encoding' => 'gzip, deflate',
  'accept' => 'text/html,application/xhtml+xml,application/xml;q=0.9,image/webp,image/apng,*/*;q=0.8',
  'user-agent' => 'Mozilla/5.0 (iPhone; CPU iPhone OS 9_1 like Mac OS X) AppleWebKit/601.1.46 (KHTML, like Gecko) Version/9.0 Mobile/13B143 Safari/601.1 wechatdevtools/1.02.1810250 MicroMessenger/6.5.7 Language/zh_CN webview/15439010129235386 webdebugger port/22444',
  'upgrade-insecure-requests' => '1',
  'host' => 'www.activity.com',
)
[ info ] [ PARAM ] array (
)
---------------------------------------------------------------
[ 2018-12-04T13:38:38+08:00 ] 127.0.0.1 GET www.activity.com/
[运行时间：0.031507s] [吞吐率：31.74req/s] [内存消耗：1,685.63kb] [文件加载：63]
[ info ] [ LANG ] D:\localhost\activity\thinkphp\lang\zh-cn.php
[ info ] [ ROUTE ] array (
)
[ info ] [ HEADER ] array (
  'connection' => 'close',
  'cookie' => 'PHPSESSID=knbdqfgch1p138movi6u21u8vd',
  'accept-language' => 'zh-CN,zh;q=0.8',
  'accept-encoding' => 'gzip, deflate',
  'accept' => 'text/html,application/xhtml+xml,application/xml;q=0.9,image/webp,image/apng,*/*;q=0.8',
  'user-agent' => 'Mozilla/5.0 (iPhone; CPU iPhone OS 9_1 like Mac OS X) AppleWebKit/601.1.46 (KHTML, like Gecko) Version/9.0 Mobile/13B143 Safari/601.1 wechatdevtools/1.02.1810250 MicroMessenger/6.5.7 Language/zh_CN webview/15439010129235386 webdebugger port/22444',
  'upgrade-insecure-requests' => '1',
  'host' => 'www.activity.com',
)
[ info ] [ PARAM ] array (
)
---------------------------------------------------------------
[ 2018-12-04T13:41:27+08:00 ] 127.0.0.1 GET www.activity.com/
[运行时间：0.043715s] [吞吐率：22.88req/s] [内存消耗：1,685.74kb] [文件加载：63]
[ info ] [ LANG ] D:\localhost\activity\thinkphp\lang\zh-cn.php
[ info ] [ ROUTE ] array (
)
[ info ] [ HEADER ] array (
  'connection' => 'close',
  'cookie' => 'PHPSESSID=knbdqfgch1p138movi6u21u8vd',
  'accept-language' => 'zh-CN,zh;q=0.8',
  'accept-encoding' => 'gzip, deflate',
  'accept' => 'text/html,application/xhtml+xml,application/xml;q=0.9,image/webp,image/apng,*/*;q=0.8',
  'user-agent' => 'Mozilla/5.0 (iPhone; CPU iPhone OS 9_1 like Mac OS X) AppleWebKit/601.1.46 (KHTML, like Gecko) Version/9.0 Mobile/13B143 Safari/601.1 wechatdevtools/1.02.1810250 MicroMessenger/6.5.7 Language/zh_CN webview/15439010129235386 webdebugger port/22444',
  'upgrade-insecure-requests' => '1',
  'host' => 'www.activity.com',
)
[ info ] [ PARAM ] array (
)
---------------------------------------------------------------
[ 2018-12-04T14:08:48+08:00 ] 127.0.0.1 GET www.activity.com/
[运行时间：0.035456s] [吞吐率：28.20req/s] [内存消耗：1,685.65kb] [文件加载：63]
[ info ] [ LANG ] D:\localhost\activity\thinkphp\lang\zh-cn.php
[ info ] [ ROUTE ] array (
)
[ info ] [ HEADER ] array (
  'connection' => 'close',
  'cookie' => 'PHPSESSID=knbdqfgch1p138movi6u21u8vd',
  'accept-language' => 'zh-CN,zh;q=0.8',
  'accept-encoding' => 'gzip, deflate',
  'accept' => 'text/html,application/xhtml+xml,application/xml;q=0.9,image/webp,image/apng,*/*;q=0.8',
  'user-agent' => 'Mozilla/5.0 (iPhone; CPU iPhone OS 9_1 like Mac OS X) AppleWebKit/601.1.46 (KHTML, like Gecko) Version/9.0 Mobile/13B143 Safari/601.1 wechatdevtools/1.02.1810250 MicroMessenger/6.5.7 Language/zh_CN webview/15439010129235386 webdebugger port/22444',
  'upgrade-insecure-requests' => '1',
  'host' => 'www.activity.com',
)
[ info ] [ PARAM ] array (
)
---------------------------------------------------------------
[ 2018-12-04T14:10:12+08:00 ] 127.0.0.1 GET www.activity.com/
[运行时间：0.032304s] [吞吐率：30.96req/s] [内存消耗：1,685.65kb] [文件加载：63]
[ info ] [ LANG ] D:\localhost\activity\thinkphp\lang\zh-cn.php
[ info ] [ ROUTE ] array (
)
[ info ] [ HEADER ] array (
  'connection' => 'close',
  'cookie' => 'PHPSESSID=knbdqfgch1p138movi6u21u8vd',
  'accept-language' => 'zh-CN,zh;q=0.8',
  'accept-encoding' => 'gzip, deflate',
  'accept' => 'text/html,application/xhtml+xml,application/xml;q=0.9,image/webp,image/apng,*/*;q=0.8',
  'user-agent' => 'Mozilla/5.0 (iPhone; CPU iPhone OS 9_1 like Mac OS X) AppleWebKit/601.1.46 (KHTML, like Gecko) Version/9.0 Mobile/13B143 Safari/601.1 wechatdevtools/1.02.1810250 MicroMessenger/6.5.7 Language/zh_CN webview/15439010129235386 webdebugger port/22444',
  'upgrade-insecure-requests' => '1',
  'host' => 'www.activity.com',
)
[ info ] [ PARAM ] array (
)
---------------------------------------------------------------
[ 2018-12-04T14:11:30+08:00 ] 127.0.0.1 GET www.activity.com/index.php/Base/getUser
[运行时间：0.036956s] [吞吐率：27.06req/s] [内存消耗：1,217.73kb] [文件加载：51]
[ info ] [ LANG ] D:\localhost\activity\thinkphp\lang\zh-cn.php
---------------------------------------------------------------
[ 2018-12-04T14:12:01+08:00 ] 127.0.0.1 GET www.activity.com/index.php/Base/getUser
[运行时间：0.031427s] [吞吐率：31.82req/s] [内存消耗：1,217.73kb] [文件加载：51]
[ info ] [ LANG ] D:\localhost\activity\thinkphp\lang\zh-cn.php
---------------------------------------------------------------
[ 2018-12-04T14:12:08+08:00 ] 127.0.0.1 GET www.activity.com/index.php/base/getUser
[运行时间：0.031351s] [吞吐率：31.90req/s] [内存消耗：1,217.73kb] [文件加载：51]
[ info ] [ LANG ] D:\localhost\activity\thinkphp\lang\zh-cn.php
---------------------------------------------------------------
[ 2018-12-04T14:12:46+08:00 ] 127.0.0.1 GET www.activity.com/index.php/base/getUser
[运行时间：0.031832s] [吞吐率：31.41req/s] [内存消耗：1,217.73kb] [文件加载：51]
[ info ] [ LANG ] D:\localhost\activity\thinkphp\lang\zh-cn.php
---------------------------------------------------------------
[ 2018-12-04T14:12:47+08:00 ] 127.0.0.1 GET www.activity.com/index.php/base/getUser
[运行时间：0.031651s] [吞吐率：31.59req/s] [内存消耗：1,217.73kb] [文件加载：51]
[ info ] [ LANG ] D:\localhost\activity\thinkphp\lang\zh-cn.php
---------------------------------------------------------------
[ 2018-12-04T14:12:52+08:00 ] 127.0.0.1 GET www.activity.com/index.php/base/getUser
[运行时间：0.031030s] [吞吐率：32.23req/s] [内存消耗：1,217.73kb] [文件加载：51]
[ info ] [ LANG ] D:\localhost\activity\thinkphp\lang\zh-cn.php
---------------------------------------------------------------
[ 2018-12-04T14:12:54+08:00 ] 127.0.0.1 GET www.activity.com/index.php/base/getUser
[运行时间：0.029919s] [吞吐率：33.42req/s] [内存消耗：1,217.73kb] [文件加载：51]
[ info ] [ LANG ] D:\localhost\activity\thinkphp\lang\zh-cn.php
---------------------------------------------------------------
[ 2018-12-04T14:15:20+08:00 ] 127.0.0.1 GET www.activity.com/index.php/base/getUser
[运行时间：0.031585s] [吞吐率：31.66req/s] [内存消耗：1,217.73kb] [文件加载：51]
[ info ] [ LANG ] D:\localhost\activity\thinkphp\lang\zh-cn.php
---------------------------------------------------------------
[ 2018-12-04T14:15:21+08:00 ] 127.0.0.1 GET www.activity.com/index.php/base/getUser
[运行时间：0.029749s] [吞吐率：33.61req/s] [内存消耗：1,217.73kb] [文件加载：51]
[ info ] [ LANG ] D:\localhost\activity\thinkphp\lang\zh-cn.php
---------------------------------------------------------------
[ 2018-12-04T14:15:21+08:00 ] 127.0.0.1 GET www.activity.com/index.php/base/getUser
[运行时间：0.031836s] [吞吐率：31.41req/s] [内存消耗：1,217.73kb] [文件加载：51]
[ info ] [ LANG ] D:\localhost\activity\thinkphp\lang\zh-cn.php
---------------------------------------------------------------
[ 2018-12-04T14:15:22+08:00 ] 127.0.0.1 GET www.activity.com/index.php/base/getUser
[运行时间：0.028000s] [吞吐率：35.71req/s] [内存消耗：1,217.73kb] [文件加载：51]
[ info ] [ LANG ] D:\localhost\activity\thinkphp\lang\zh-cn.php
---------------------------------------------------------------
[ 2018-12-04T14:15:22+08:00 ] 127.0.0.1 GET www.activity.com/index.php/base/getUser
[运行时间：0.027656s] [吞吐率：36.16req/s] [内存消耗：1,217.73kb] [文件加载：51]
[ info ] [ LANG ] D:\localhost\activity\thinkphp\lang\zh-cn.php
---------------------------------------------------------------
[ 2018-12-04T14:15:49+08:00 ] 127.0.0.1 GET www.activity.com/index.php/index/base/getuser
[运行时间：0.039617s] [吞吐率：25.24req/s] [内存消耗：1,666.16kb] [文件加载：60]
[ info ] [ LANG ] D:\localhost\activity\thinkphp\lang\zh-cn.php
[ info ] [ ROUTE ] array (
)
[ info ] [ HEADER ] array (
  'cookie' => 'pgv_pvi=1966599168',
  'accept-language' => 'zh-CN,zh;q=0.9',
  'accept-encoding' => 'gzip, deflate',
  'accept' => 'text/html,application/xhtml+xml,application/xml;q=0.9,image/webp,image/apng,*/*;q=0.8',
  'user-agent' => 'Mozilla/5.0 (Windows NT 10.0; WOW64) AppleWebKit/537.36 (KHTML, like Gecko) Chrome/70.0.3538.110 Safari/537.36',
  'upgrade-insecure-requests' => '1',
  'connection' => 'close',
  'host' => 'www.activity.com',
)
[ info ] [ PARAM ] array (
)
---------------------------------------------------------------
[ 2018-12-04T14:15:56+08:00 ] 127.0.0.1 GET www.activity.com/index.php/index/base/getuser
[运行时间：0.036721s] [吞吐率：27.23req/s] [内存消耗：1,696.16kb] [文件加载：61]
[ info ] [ LANG ] D:\localhost\activity\thinkphp\lang\zh-cn.php
[ info ] [ ROUTE ] array (
)
[ info ] [ HEADER ] array (
  'cookie' => 'pgv_pvi=1966599168; PHPSESSID=a2pakgoo9igolgfficom1rb13b',
  'accept-language' => 'zh-CN,zh;q=0.9',
  'accept-encoding' => 'gzip, deflate',
  'accept' => 'text/html,application/xhtml+xml,application/xml;q=0.9,image/webp,image/apng,*/*;q=0.8',
  'user-agent' => 'Mozilla/5.0 (Windows NT 10.0; WOW64) AppleWebKit/537.36 (KHTML, like Gecko) Chrome/70.0.3538.110 Safari/537.36',
  'upgrade-insecure-requests' => '1',
  'cache-control' => 'max-age=0',
  'connection' => 'close',
  'host' => 'www.activity.com',
)
[ info ] [ PARAM ] array (
)
---------------------------------------------------------------
[ 2018-12-04T14:17:39+08:00 ] 127.0.0.1 GET www.activity.com/index/base/getuser
[运行时间：0.041852s] [吞吐率：23.89req/s] [内存消耗：1,696.80kb] [文件加载：61]
[ info ] [ LANG ] D:\localhost\activity\thinkphp\lang\zh-cn.php
[ info ] [ ROUTE ] array (
)
[ info ] [ HEADER ] array (
  'cookie' => 'pgv_pvi=1966599168; PHPSESSID=a2pakgoo9igolgfficom1rb13b',
  'accept-language' => 'zh-CN,zh;q=0.9',
  'accept-encoding' => 'gzip, deflate',
  'accept' => 'text/html,application/xhtml+xml,application/xml;q=0.9,image/webp,image/apng,*/*;q=0.8',
  'user-agent' => 'Mozilla/5.0 (Windows NT 10.0; WOW64) AppleWebKit/537.36 (KHTML, like Gecko) Chrome/70.0.3538.110 Safari/537.36',
  'upgrade-insecure-requests' => '1',
  'cache-control' => 'max-age=0',
  'connection' => 'close',
  'host' => 'www.activity.com',
)
[ info ] [ PARAM ] array (
)
---------------------------------------------------------------
[ 2018-12-04T14:34:10+08:00 ] 127.0.0.1 GET www.activity.com/Base/getUser?code=001bDDg61z6yaL10DEh61PXRg61bDDgy&state=http%3A%2F%2Fwww.activity.com%2Findex%2Findex
[运行时间：0.028112s] [吞吐率：35.57req/s] [内存消耗：1,223.98kb] [文件加载：51]
[ info ] [ LANG ] D:\localhost\activity\thinkphp\lang\zh-cn.php
---------------------------------------------------------------
[ 2018-12-04T14:34:10+08:00 ] 127.0.0.1 GET www.activity.com/
[运行时间：0.035482s] [吞吐率：28.18req/s] [内存消耗：1,768.99kb] [文件加载：63]
[ info ] [ LANG ] D:\localhost\activity\thinkphp\lang\zh-cn.php
[ info ] [ ROUTE ] array (
)
[ info ] [ HEADER ] array (
  'connection' => 'close',
  'cookie' => 'PHPSESSID=knbdqfgch1p138movi6u21u8vd',
  'accept-language' => 'zh-CN,zh;q=0.8',
  'accept-encoding' => 'gzip, deflate',
  'accept' => 'text/html,application/xhtml+xml,application/xml;q=0.9,image/webp,image/apng,*/*;q=0.8',
  'user-agent' => 'Mozilla/5.0 (iPhone; CPU iPhone OS 9_1 like Mac OS X) AppleWebKit/601.1.46 (KHTML, like Gecko) Version/9.0 Mobile/13B143 Safari/601.1 wechatdevtools/1.02.1810250 MicroMessenger/6.5.7 Language/zh_CN webview/15439010129235386 webdebugger port/22444',
  'upgrade-insecure-requests' => '1',
  'host' => 'www.activity.com',
)
[ info ] [ PARAM ] array (
)
[ error ] [64]Can't use function return value in write context[D:\localhost\activity\application\index\controller\Base.php:40]
---------------------------------------------------------------
[ 2018-12-04T14:34:39+08:00 ] 127.0.0.1 GET www.activity.com/
[运行时间：0.034371s] [吞吐率：29.09req/s] [内存消耗：1,697.21kb] [文件加载：63]
[ info ] [ LANG ] D:\localhost\activity\thinkphp\lang\zh-cn.php
[ info ] [ ROUTE ] array (
)
[ info ] [ HEADER ] array (
  'connection' => 'close',
  'cookie' => 'PHPSESSID=knbdqfgch1p138movi6u21u8vd',
  'accept-language' => 'zh-CN,zh;q=0.8',
  'accept-encoding' => 'gzip, deflate',
  'accept' => 'text/html,application/xhtml+xml,application/xml;q=0.9,image/webp,image/apng,*/*;q=0.8',
  'user-agent' => 'Mozilla/5.0 (iPhone; CPU iPhone OS 9_1 like Mac OS X) AppleWebKit/601.1.46 (KHTML, like Gecko) Version/9.0 Mobile/13B143 Safari/601.1 wechatdevtools/1.02.1810250 MicroMessenger/6.5.7 Language/zh_CN webview/15439010129235386 webdebugger port/22444',
  'upgrade-insecure-requests' => '1',
  'cache-control' => 'max-age=0',
  'host' => 'www.activity.com',
)
[ info ] [ PARAM ] array (
)
---------------------------------------------------------------
[ 2018-12-04T14:34:39+08:00 ] 127.0.0.1 GET www.activity.com/
[运行时间：0.031262s] [吞吐率：31.99req/s] [内存消耗：1,697.21kb] [文件加载：63]
[ info ] [ LANG ] D:\localhost\activity\thinkphp\lang\zh-cn.php
[ info ] [ ROUTE ] array (
)
[ info ] [ HEADER ] array (
  'connection' => 'close',
  'cookie' => 'PHPSESSID=knbdqfgch1p138movi6u21u8vd',
  'accept-language' => 'zh-CN,zh;q=0.8',
  'accept-encoding' => 'gzip, deflate',
  'accept' => 'text/html,application/xhtml+xml,application/xml;q=0.9,image/webp,image/apng,*/*;q=0.8',
  'user-agent' => 'Mozilla/5.0 (iPhone; CPU iPhone OS 9_1 like Mac OS X) AppleWebKit/601.1.46 (KHTML, like Gecko) Version/9.0 Mobile/13B143 Safari/601.1 wechatdevtools/1.02.1810250 MicroMessenger/6.5.7 Language/zh_CN webview/15439010129235386 webdebugger port/22444',
  'upgrade-insecure-requests' => '1',
  'cache-control' => 'max-age=0',
  'host' => 'www.activity.com',
)
[ info ] [ PARAM ] array (
)
---------------------------------------------------------------
[ 2018-12-04T14:34:42+08:00 ] 127.0.0.1 GET www.activity.com/Base/getUser?code=0219Tqp20yk8QI1YxXn20KLup209TqpH&state=http%3A%2F%2Fwww.activity.com%2Findex%2Findex
[运行时间：0.023939s] [吞吐率：41.77req/s] [内存消耗：1,223.98kb] [文件加载：51]
[ info ] [ LANG ] D:\localhost\activity\thinkphp\lang\zh-cn.php
---------------------------------------------------------------
[ 2018-12-04T14:35:02+08:00 ] 127.0.0.1 GET www.activity.com/Base/getUser?code=0219Tqp20yk8QI1YxXn20KLup209TqpH&state=http%3A%2F%2Fwww.activity.com%2Findex%2Findex
[运行时间：0.025572s] [吞吐率：39.11req/s] [内存消耗：1,223.98kb] [文件加载：51]
[ info ] [ LANG ] D:\localhost\activity\thinkphp\lang\zh-cn.php
---------------------------------------------------------------
[ 2018-12-04T14:35:02+08:00 ] 127.0.0.1 GET www.activity.com/
[运行时间：0.033707s] [吞吐率：29.67req/s] [内存消耗：1,696.91kb] [文件加载：63]
[ info ] [ LANG ] D:\localhost\activity\thinkphp\lang\zh-cn.php
[ info ] [ ROUTE ] array (
)
[ info ] [ HEADER ] array (
  'connection' => 'close',
  'cookie' => 'PHPSESSID=knbdqfgch1p138movi6u21u8vd',
  'accept-language' => 'zh-CN,zh;q=0.8',
  'accept-encoding' => 'gzip, deflate',
  'accept' => 'text/html,application/xhtml+xml,application/xml;q=0.9,image/webp,image/apng,*/*;q=0.8',
  'user-agent' => 'Mozilla/5.0 (iPhone; CPU iPhone OS 9_1 like Mac OS X) AppleWebKit/601.1.46 (KHTML, like Gecko) Version/9.0 Mobile/13B143 Safari/601.1 wechatdevtools/1.02.1810250 MicroMessenger/6.5.7 Language/zh_CN webview/15439010129235386 webdebugger port/22444',
  'upgrade-insecure-requests' => '1',
  'host' => 'www.activity.com',
)
[ info ] [ PARAM ] array (
)
---------------------------------------------------------------
[ 2018-12-04T14:35:06+08:00 ] 127.0.0.1 GET www.activity.com/index/Base/getUser?code=021ctMp1281thV0esNq12fiEp12ctMpB&state=http%3A%2F%2Fwww.activity.com%2Findex%2Findex%2Findex
[运行时间：0.036880s] [吞吐率：27.11req/s] [内存消耗：1,778.33kb] [文件加载：67]
[ info ] [ LANG ] D:\localhost\activity\thinkphp\lang\zh-cn.php
[ info ] [ ROUTE ] array (
)
[ info ] [ HEADER ] array (
  'connection' => 'close',
  'cookie' => 'PHPSESSID=knbdqfgch1p138movi6u21u8vd',
  'accept-language' => 'zh-CN,zh;q=0.8',
  'accept-encoding' => 'gzip, deflate',
  'accept' => 'text/html,application/xhtml+xml,application/xml;q=0.9,image/webp,image/apng,*/*;q=0.8',
  'user-agent' => 'Mozilla/5.0 (iPhone; CPU iPhone OS 9_1 like Mac OS X) AppleWebKit/601.1.46 (KHTML, like Gecko) Version/9.0 Mobile/13B143 Safari/601.1 wechatdevtools/1.02.1810250 MicroMessenger/6.5.7 Language/zh_CN webview/15439010129235386 webdebugger port/22444',
  'upgrade-insecure-requests' => '1',
  'host' => 'www.activity.com',
)
[ info ] [ PARAM ] array (
  'code' => '021ctMp1281thV0esNq12fiEp12ctMpB',
  'state' => 'http://www.activity.com/index/index/index',
)
[ error ] [8]curl_setopt(): CURLOPT_SSL_VERIFYHOST no longer accepts the value 1, value 2 will be used instead[D:\localhost\activity\application\common.php:40]
---------------------------------------------------------------
[ 2018-12-04T14:35:37+08:00 ] 127.0.0.1 GET www.activity.com/index/Base/getUser?code=021ctMp1281thV0esNq12fiEp12ctMpB&state=http%3A%2F%2Fwww.activity.com%2Findex%2Findex%2Findex
[运行时间：0.389282s] [吞吐率：2.57req/s] [内存消耗：2,635.99kb] [文件加载：73]
[ info ] [ LANG ] D:\localhost\activity\thinkphp\lang\zh-cn.php
[ info ] [ ROUTE ] array (
)
[ info ] [ HEADER ] array (
  'connection' => 'close',
  'cookie' => 'PHPSESSID=knbdqfgch1p138movi6u21u8vd',
  'accept-language' => 'zh-CN,zh;q=0.8',
  'accept-encoding' => 'gzip, deflate',
  'accept' => 'text/html,application/xhtml+xml,application/xml;q=0.9,image/webp,image/apng,*/*;q=0.8',
  'user-agent' => 'Mozilla/5.0 (iPhone; CPU iPhone OS 9_1 like Mac OS X) AppleWebKit/601.1.46 (KHTML, like Gecko) Version/9.0 Mobile/13B143 Safari/601.1 wechatdevtools/1.02.1810250 MicroMessenger/6.5.7 Language/zh_CN webview/15439010129235386 webdebugger port/22444',
  'upgrade-insecure-requests' => '1',
  'cache-control' => 'max-age=0',
  'host' => 'www.activity.com',
)
[ info ] [ PARAM ] array (
  'code' => '021ctMp1281thV0esNq12fiEp12ctMpB',
  'state' => 'http://www.activity.com/index/index/index',
)
[ info ] [ DB ] INIT mysql
[ sql ] [ DB ] CONNECT:[ UseTime:0.003550s ] mysql:host=127.0.0.1;dbname=activity;charset=utf8
[ error ] [10501]SQLSTATE[42S02]: Base table or view not found: 1146 Table 'activity.tpuser' doesn't exist[D:\localhost\activity\thinkphp\library\think\db\Connection.php:687]
---------------------------------------------------------------
[ 2018-12-04T14:35:37+08:00 ] 127.0.0.1 GET www.activity.com/
[运行时间：0.032513s] [吞吐率：30.76req/s] [内存消耗：1,696.91kb] [文件加载：63]
[ info ] [ LANG ] D:\localhost\activity\thinkphp\lang\zh-cn.php
[ info ] [ ROUTE ] array (
)
[ info ] [ HEADER ] array (
  'connection' => 'close',
  'cookie' => 'PHPSESSID=knbdqfgch1p138movi6u21u8vd',
  'accept-language' => 'zh-CN,zh;q=0.8',
  'accept-encoding' => 'gzip, deflate',
  'accept' => 'text/html,application/xhtml+xml,application/xml;q=0.9,image/webp,image/apng,*/*;q=0.8',
  'user-agent' => 'Mozilla/5.0 (iPhone; CPU iPhone OS 9_1 like Mac OS X) AppleWebKit/601.1.46 (KHTML, like Gecko) Version/9.0 Mobile/13B143 Safari/601.1 wechatdevtools/1.02.1810250 MicroMessenger/6.5.7 Language/zh_CN webview/15439010129235386 webdebugger port/22444',
  'upgrade-insecure-requests' => '1',
  'host' => 'www.activity.com',
)
[ info ] [ PARAM ] array (
)
---------------------------------------------------------------
[ 2018-12-04T14:35:41+08:00 ] 127.0.0.1 GET www.activity.com/index/Base/getUser?code=011vxvqy0Fukjd11d1sy0TxLqy0vxvqN&state=http%3A%2F%2Fwww.activity.com%2Findex%2Findex%2Findex
[运行时间：0.304339s] [吞吐率：3.29req/s] [内存消耗：2,635.60kb] [文件加载：73]
[ info ] [ LANG ] D:\localhost\activity\thinkphp\lang\zh-cn.php
[ info ] [ ROUTE ] array (
)
[ info ] [ HEADER ] array (
  'connection' => 'close',
  'cookie' => 'PHPSESSID=knbdqfgch1p138movi6u21u8vd',
  'accept-language' => 'zh-CN,zh;q=0.8',
  'accept-encoding' => 'gzip, deflate',
  'accept' => 'text/html,application/xhtml+xml,application/xml;q=0.9,image/webp,image/apng,*/*;q=0.8',
  'user-agent' => 'Mozilla/5.0 (iPhone; CPU iPhone OS 9_1 like Mac OS X) AppleWebKit/601.1.46 (KHTML, like Gecko) Version/9.0 Mobile/13B143 Safari/601.1 wechatdevtools/1.02.1810250 MicroMessenger/6.5.7 Language/zh_CN webview/15439010129235386 webdebugger port/22444',
  'upgrade-insecure-requests' => '1',
  'host' => 'www.activity.com',
)
[ info ] [ PARAM ] array (
  'code' => '011vxvqy0Fukjd11d1sy0TxLqy0vxvqN',
  'state' => 'http://www.activity.com/index/index/index',
)
[ info ] [ DB ] INIT mysql
[ sql ] [ DB ] CONNECT:[ UseTime:0.001151s ] mysql:host=127.0.0.1;dbname=activity;charset=utf8
[ error ] [10501]SQLSTATE[42S02]: Base table or view not found: 1146 Table 'activity.tpuser' doesn't exist[D:\localhost\activity\thinkphp\library\think\db\Connection.php:687]
---------------------------------------------------------------
[ 2018-12-04T14:35:58+08:00 ] 127.0.0.1 GET www.activity.com/index/Base/getUser?code=011vxvqy0Fukjd11d1sy0TxLqy0vxvqN&state=http%3A%2F%2Fwww.activity.com%2Findex%2Findex%2Findex
[运行时间：0.275496s] [吞吐率：3.63req/s] [内存消耗：1,778.75kb] [文件加载：67]
[ info ] [ LANG ] D:\localhost\activity\thinkphp\lang\zh-cn.php
[ info ] [ ROUTE ] array (
)
[ info ] [ HEADER ] array (
  'connection' => 'close',
  'cookie' => 'PHPSESSID=knbdqfgch1p138movi6u21u8vd',
  'accept-language' => 'zh-CN,zh;q=0.8',
  'accept-encoding' => 'gzip, deflate',
  'accept' => 'text/html,application/xhtml+xml,application/xml;q=0.9,image/webp,image/apng,*/*;q=0.8',
  'user-agent' => 'Mozilla/5.0 (iPhone; CPU iPhone OS 9_1 like Mac OS X) AppleWebKit/601.1.46 (KHTML, like Gecko) Version/9.0 Mobile/13B143 Safari/601.1 wechatdevtools/1.02.1810250 MicroMessenger/6.5.7 Language/zh_CN webview/15439010129235386 webdebugger port/22444',
  'upgrade-insecure-requests' => '1',
  'cache-control' => 'max-age=0',
  'host' => 'www.activity.com',
)
[ info ] [ PARAM ] array (
  'code' => '011vxvqy0Fukjd11d1sy0TxLqy0vxvqN',
  'state' => 'http://www.activity.com/index/index/index',
)
[ error ] [8]未定义数组索引: openid[D:\localhost\activity\application\index\controller\Base.php:26]
---------------------------------------------------------------
[ 2018-12-04T14:35:59+08:00 ] 127.0.0.1 GET www.activity.com/
[运行时间：0.032530s] [吞吐率：30.74req/s] [内存消耗：1,696.91kb] [文件加载：63]
[ info ] [ LANG ] D:\localhost\activity\thinkphp\lang\zh-cn.php
[ info ] [ ROUTE ] array (
)
[ info ] [ HEADER ] array (
  'connection' => 'close',
  'cookie' => 'PHPSESSID=knbdqfgch1p138movi6u21u8vd',
  'accept-language' => 'zh-CN,zh;q=0.8',
  'accept-encoding' => 'gzip, deflate',
  'accept' => 'text/html,application/xhtml+xml,application/xml;q=0.9,image/webp,image/apng,*/*;q=0.8',
  'user-agent' => 'Mozilla/5.0 (iPhone; CPU iPhone OS 9_1 like Mac OS X) AppleWebKit/601.1.46 (KHTML, like Gecko) Version/9.0 Mobile/13B143 Safari/601.1 wechatdevtools/1.02.1810250 MicroMessenger/6.5.7 Language/zh_CN webview/15439010129235386 webdebugger port/22444',
  'upgrade-insecure-requests' => '1',
  'host' => 'www.activity.com',
)
[ info ] [ PARAM ] array (
)
---------------------------------------------------------------
[ 2018-12-04T14:36:03+08:00 ] 127.0.0.1 GET www.activity.com/index/Base/getUser?code=011QZ9Fm034hLs1jRpHm0tbcFm0QZ9FB&state=http%3A%2F%2Fwww.activity.com%2Findex%2Findex%2Findex
[运行时间：0.607845s] [吞吐率：1.65req/s] [内存消耗：2,702.48kb] [文件加载：71]
[ info ] [ LANG ] D:\localhost\activity\thinkphp\lang\zh-cn.php
[ info ] [ ROUTE ] array (
)
[ info ] [ HEADER ] array (
  'connection' => 'close',
  'cookie' => 'PHPSESSID=knbdqfgch1p138movi6u21u8vd',
  'accept-language' => 'zh-CN,zh;q=0.8',
  'accept-encoding' => 'gzip, deflate',
  'accept' => 'text/html,application/xhtml+xml,application/xml;q=0.9,image/webp,image/apng,*/*;q=0.8',
  'user-agent' => 'Mozilla/5.0 (iPhone; CPU iPhone OS 9_1 like Mac OS X) AppleWebKit/601.1.46 (KHTML, like Gecko) Version/9.0 Mobile/13B143 Safari/601.1 wechatdevtools/1.02.1810250 MicroMessenger/6.5.7 Language/zh_CN webview/15439010129235386 webdebugger port/22444',
  'upgrade-insecure-requests' => '1',
  'host' => 'www.activity.com',
)
[ info ] [ PARAM ] array (
  'code' => '011QZ9Fm034hLs1jRpHm0tbcFm0QZ9FB',
  'state' => 'http://www.activity.com/index/index/index',
)
[ info ] [ DB ] INIT mysql
[ sql ] [ DB ] CONNECT:[ UseTime:0.010172s ] mysql:host=127.0.0.1;dbname=activity;charset=utf8
[ sql ] [ SQL ] SHOW COLUMNS FROM `tp_user` [ RunTime:0.002062s ]
[ sql ] [ SQL ] SELECT * FROM `tp_user` WHERE  `openid` = 'oydWg0dRUVqoPoaB0HaZ8PgHJSgU' LIMIT 1 [ RunTime:0.000801s ]
[ error ] [0]致命错误: Cannot use object of type stdClass as array[D:\localhost\activity\application\index\controller\Base.php:34]
---------------------------------------------------------------
[ 2018-12-04T14:36:33+08:00 ] 127.0.0.1 GET www.activity.com/index/Base/getUser?code=011QZ9Fm034hLs1jRpHm0tbcFm0QZ9FB&state=http%3A%2F%2Fwww.activity.com%2Findex%2Findex%2Findex
[运行时间：0.258313s] [吞吐率：3.87req/s] [内存消耗：1,778.75kb] [文件加载：67]
[ info ] [ LANG ] D:\localhost\activity\thinkphp\lang\zh-cn.php
[ info ] [ ROUTE ] array (
)
[ info ] [ HEADER ] array (
  'connection' => 'close',
  'cookie' => 'PHPSESSID=knbdqfgch1p138movi6u21u8vd',
  'accept-language' => 'zh-CN,zh;q=0.8',
  'accept-encoding' => 'gzip, deflate',
  'accept' => 'text/html,application/xhtml+xml,application/xml;q=0.9,image/webp,image/apng,*/*;q=0.8',
  'user-agent' => 'Mozilla/5.0 (iPhone; CPU iPhone OS 9_1 like Mac OS X) AppleWebKit/601.1.46 (KHTML, like Gecko) Version/9.0 Mobile/13B143 Safari/601.1 wechatdevtools/1.02.1810250 MicroMessenger/6.5.7 Language/zh_CN webview/15439010129235386 webdebugger port/22444',
  'upgrade-insecure-requests' => '1',
  'cache-control' => 'max-age=0',
  'host' => 'www.activity.com',
)
[ info ] [ PARAM ] array (
  'code' => '011QZ9Fm034hLs1jRpHm0tbcFm0QZ9FB',
  'state' => 'http://www.activity.com/index/index/index',
)
[ error ] [8]未定义数组索引: openid[D:\localhost\activity\application\index\controller\Base.php:26]
---------------------------------------------------------------
[ 2018-12-04T14:36:34+08:00 ] 127.0.0.1 GET www.activity.com/
[运行时间：0.032853s] [吞吐率：30.44req/s] [内存消耗：1,696.91kb] [文件加载：63]
[ info ] [ LANG ] D:\localhost\activity\thinkphp\lang\zh-cn.php
[ info ] [ ROUTE ] array (
)
[ info ] [ HEADER ] array (
  'connection' => 'close',
  'cookie' => 'PHPSESSID=knbdqfgch1p138movi6u21u8vd',
  'accept-language' => 'zh-CN,zh;q=0.8',
  'accept-encoding' => 'gzip, deflate',
  'accept' => 'text/html,application/xhtml+xml,application/xml;q=0.9,image/webp,image/apng,*/*;q=0.8',
  'user-agent' => 'Mozilla/5.0 (iPhone; CPU iPhone OS 9_1 like Mac OS X) AppleWebKit/601.1.46 (KHTML, like Gecko) Version/9.0 Mobile/13B143 Safari/601.1 wechatdevtools/1.02.1810250 MicroMessenger/6.5.7 Language/zh_CN webview/15439010129235386 webdebugger port/22444',
  'upgrade-insecure-requests' => '1',
  'host' => 'www.activity.com',
)
[ info ] [ PARAM ] array (
)
---------------------------------------------------------------
[ 2018-12-04T14:36:37+08:00 ] 127.0.0.1 GET www.activity.com/index/Base/getUser?code=081DVl7C0MZjAi2tpY8C09jp7C0DVl7v&state=http%3A%2F%2Fwww.activity.com%2Findex%2Findex%2Findex
[运行时间：0.594365s] [吞吐率：1.68req/s] [内存消耗：2,667.45kb] [文件加载：67]
[ info ] [ LANG ] D:\localhost\activity\thinkphp\lang\zh-cn.php
[ info ] [ ROUTE ] array (
)
[ info ] [ HEADER ] array (
  'connection' => 'close',
  'cookie' => 'PHPSESSID=knbdqfgch1p138movi6u21u8vd',
  'accept-language' => 'zh-CN,zh;q=0.8',
  'accept-encoding' => 'gzip, deflate',
  'accept' => 'text/html,application/xhtml+xml,application/xml;q=0.9,image/webp,image/apng,*/*;q=0.8',
  'user-agent' => 'Mozilla/5.0 (iPhone; CPU iPhone OS 9_1 like Mac OS X) AppleWebKit/601.1.46 (KHTML, like Gecko) Version/9.0 Mobile/13B143 Safari/601.1 wechatdevtools/1.02.1810250 MicroMessenger/6.5.7 Language/zh_CN webview/15439010129235386 webdebugger port/22444',
  'upgrade-insecure-requests' => '1',
  'host' => 'www.activity.com',
)
[ info ] [ PARAM ] array (
  'code' => '081DVl7C0MZjAi2tpY8C09jp7C0DVl7v',
  'state' => 'http://www.activity.com/index/index/index',
)
[ info ] [ DB ] INIT mysql
[ info ] [ DB ] INIT mysql
[ sql ] [ DB ] CONNECT:[ UseTime:0.000993s ] mysql:host=127.0.0.1;dbname=activity;charset=utf8
[ sql ] [ SQL ] SHOW COLUMNS FROM `tp_user` [ RunTime:0.001612s ]
[ sql ] [ SQL ] SELECT * FROM `tp_user` WHERE  `openid` = 'oydWg0dRUVqoPoaB0HaZ8PgHJSgU' LIMIT 1 [ RunTime:0.000743s ]
[ sql ] [ DB ] CONNECT:[ UseTime:0.010708s ] mysql:host=127.0.0.1;dbname=activity;charset=utf8
[ sql ] [ SQL ] INSERT INTO `tp_user` (`openid` , `nickname` , `sex` , `city` , `province` , `country` , `headimgurl` , `addtime` , `is_fans`) VALUES ('oydWg0dRUVqoPoaB0HaZ8PgHJSgU' , '杨欢' , 1 , '荣昌' , '重庆' , '中国' , 'http://thirdwx.qlogo.cn/mmopen/vi_32/L2evTRZXmJNobbtD5Z0VDT7BnNLPThiaP2CHRlT6k7s9JCUp7N13zkjonPSZMrGoFdyYMmbICIPERaJB0iaKxMVg/132' , '1543905397' , 0) [ RunTime:0.003950s ]
---------------------------------------------------------------
[ 2018-12-04T14:36:37+08:00 ] 127.0.0.1 GET www.activity.com/index/index/index
[运行时间：0.032915s] [吞吐率：30.38req/s] [内存消耗：1,698.43kb] [文件加载：62]
[ info ] [ LANG ] D:\localhost\activity\thinkphp\lang\zh-cn.php
[ info ] [ ROUTE ] array (
)
[ info ] [ HEADER ] array (
  'connection' => 'close',
  'cookie' => 'PHPSESSID=knbdqfgch1p138movi6u21u8vd',
  'accept-language' => 'zh-CN,zh;q=0.8',
  'accept-encoding' => 'gzip, deflate',
  'accept' => 'text/html,application/xhtml+xml,application/xml;q=0.9,image/webp,image/apng,*/*;q=0.8',
  'user-agent' => 'Mozilla/5.0 (iPhone; CPU iPhone OS 9_1 like Mac OS X) AppleWebKit/601.1.46 (KHTML, like Gecko) Version/9.0 Mobile/13B143 Safari/601.1 wechatdevtools/1.02.1810250 MicroMessenger/6.5.7 Language/zh_CN webview/15439010129235386 webdebugger port/22444',
  'upgrade-insecure-requests' => '1',
  'host' => 'www.activity.com',
)
[ info ] [ PARAM ] array (
)
---------------------------------------------------------------
[ 2018-12-04T14:38:26+08:00 ] 127.0.0.1 GET www.activity.com/
[运行时间：0.036574s] [吞吐率：27.34req/s] [内存消耗：1,697.66kb] [文件加载：62]
[ info ] [ LANG ] D:\localhost\activity\thinkphp\lang\zh-cn.php
[ info ] [ ROUTE ] array (
)
[ info ] [ HEADER ] array (
  'connection' => 'close',
  'cookie' => 'PHPSESSID=knbdqfgch1p138movi6u21u8vd',
  'accept-language' => 'zh-CN,zh;q=0.8',
  'accept-encoding' => 'gzip, deflate',
  'accept' => 'text/html,application/xhtml+xml,application/xml;q=0.9,image/webp,image/apng,*/*;q=0.8',
  'user-agent' => 'Mozilla/5.0 (iPhone; CPU iPhone OS 9_1 like Mac OS X) AppleWebKit/601.1.46 (KHTML, like Gecko) Version/9.0 Mobile/13B143 Safari/601.1 wechatdevtools/1.02.1810250 MicroMessenger/6.5.7 Language/zh_CN webview/15439010129235386 webdebugger port/22444',
  'upgrade-insecure-requests' => '1',
  'host' => 'www.activity.com',
)
[ info ] [ PARAM ] array (
)
---------------------------------------------------------------
[ 2018-12-04T14:38:32+08:00 ] 127.0.0.1 GET www.activity.com/
[运行时间：0.033168s] [吞吐率：30.15req/s] [内存消耗：1,698.05kb] [文件加载：62]
[ info ] [ LANG ] D:\localhost\activity\thinkphp\lang\zh-cn.php
[ info ] [ ROUTE ] array (
)
[ info ] [ HEADER ] array (
  'connection' => 'close',
  'cookie' => 'PHPSESSID=knbdqfgch1p138movi6u21u8vd',
  'accept-language' => 'zh-CN,zh;q=0.8',
  'accept-encoding' => 'gzip, deflate',
  'accept' => 'text/html,application/xhtml+xml,application/xml;q=0.9,image/webp,image/apng,*/*;q=0.8',
  'user-agent' => 'Mozilla/5.0 (iPhone; CPU iPhone OS 9_1 like Mac OS X) AppleWebKit/601.1.46 (KHTML, like Gecko) Version/9.0 Mobile/13B143 Safari/601.1 wechatdevtools/1.02.1810250 MicroMessenger/6.5.7 Language/zh_CN webview/15439010129235386 webdebugger port/22444',
  'upgrade-insecure-requests' => '1',
  'cache-control' => 'max-age=0',
  'host' => 'www.activity.com',
)
[ info ] [ PARAM ] array (
)
---------------------------------------------------------------
[ 2018-12-04T14:38:32+08:00 ] 127.0.0.1 GET www.activity.com/
[运行时间：0.033334s] [吞吐率：30.00req/s] [内存消耗：1,698.05kb] [文件加载：62]
[ info ] [ LANG ] D:\localhost\activity\thinkphp\lang\zh-cn.php
[ info ] [ ROUTE ] array (
)
[ info ] [ HEADER ] array (
  'connection' => 'close',
  'cookie' => 'PHPSESSID=knbdqfgch1p138movi6u21u8vd',
  'accept-language' => 'zh-CN,zh;q=0.8',
  'accept-encoding' => 'gzip, deflate',
  'accept' => 'text/html,application/xhtml+xml,application/xml;q=0.9,image/webp,image/apng,*/*;q=0.8',
  'user-agent' => 'Mozilla/5.0 (iPhone; CPU iPhone OS 9_1 like Mac OS X) AppleWebKit/601.1.46 (KHTML, like Gecko) Version/9.0 Mobile/13B143 Safari/601.1 wechatdevtools/1.02.1810250 MicroMessenger/6.5.7 Language/zh_CN webview/15439010129235386 webdebugger port/22444',
  'upgrade-insecure-requests' => '1',
  'cache-control' => 'max-age=0',
  'host' => 'www.activity.com',
)
[ info ] [ PARAM ] array (
)
---------------------------------------------------------------
[ 2018-12-04T14:45:35+08:00 ] 127.0.0.1 GET www.activity.com/
[运行时间：0.036707s] [吞吐率：27.24req/s] [内存消耗：1,698.77kb] [文件加载：62]
[ info ] [ LANG ] D:\localhost\activity\thinkphp\lang\zh-cn.php
[ info ] [ ROUTE ] array (
)
[ info ] [ HEADER ] array (
  'connection' => 'close',
  'cookie' => 'PHPSESSID=knbdqfgch1p138movi6u21u8vd',
  'accept-language' => 'zh-CN,zh;q=0.8',
  'accept-encoding' => 'gzip, deflate',
  'accept' => 'text/html,application/xhtml+xml,application/xml;q=0.9,image/webp,image/apng,*/*;q=0.8',
  'user-agent' => 'Mozilla/5.0 (iPhone; CPU iPhone OS 9_1 like Mac OS X) AppleWebKit/601.1.46 (KHTML, like Gecko) Version/9.0 Mobile/13B143 Safari/601.1 wechatdevtools/1.02.1810250 MicroMessenger/6.5.7 Language/zh_CN webview/15439010129235386 webdebugger port/22444',
  'upgrade-insecure-requests' => '1',
  'cache-control' => 'max-age=0',
  'host' => 'www.activity.com',
)
[ info ] [ PARAM ] array (
)
---------------------------------------------------------------
[ 2018-12-04T14:45:35+08:00 ] 127.0.0.1 GET www.activity.com/
[运行时间：0.031137s] [吞吐率：32.12req/s] [内存消耗：1,698.77kb] [文件加载：62]
[ info ] [ LANG ] D:\localhost\activity\thinkphp\lang\zh-cn.php
[ info ] [ ROUTE ] array (
)
[ info ] [ HEADER ] array (
  'connection' => 'close',
  'cookie' => 'PHPSESSID=knbdqfgch1p138movi6u21u8vd',
  'accept-language' => 'zh-CN,zh;q=0.8',
  'accept-encoding' => 'gzip, deflate',
  'accept' => 'text/html,application/xhtml+xml,application/xml;q=0.9,image/webp,image/apng,*/*;q=0.8',
  'user-agent' => 'Mozilla/5.0 (iPhone; CPU iPhone OS 9_1 like Mac OS X) AppleWebKit/601.1.46 (KHTML, like Gecko) Version/9.0 Mobile/13B143 Safari/601.1 wechatdevtools/1.02.1810250 MicroMessenger/6.5.7 Language/zh_CN webview/15439010129235386 webdebugger port/22444',
  'upgrade-insecure-requests' => '1',
  'cache-control' => 'max-age=0',
  'host' => 'www.activity.com',
)
[ info ] [ PARAM ] array (
)
---------------------------------------------------------------
[ 2018-12-04T14:45:52+08:00 ] 127.0.0.1 GET www.activity.com/
[运行时间：0.032350s] [吞吐率：30.91req/s] [内存消耗：1,698.77kb] [文件加载：62]
[ info ] [ LANG ] D:\localhost\activity\thinkphp\lang\zh-cn.php
[ info ] [ ROUTE ] array (
)
[ info ] [ HEADER ] array (
  'connection' => 'close',
  'cookie' => 'PHPSESSID=knbdqfgch1p138movi6u21u8vd',
  'accept-language' => 'zh-CN,zh;q=0.8',
  'accept-encoding' => 'gzip, deflate',
  'accept' => 'text/html,application/xhtml+xml,application/xml;q=0.9,image/webp,image/apng,*/*;q=0.8',
  'user-agent' => 'Mozilla/5.0 (iPhone; CPU iPhone OS 9_1 like Mac OS X) AppleWebKit/601.1.46 (KHTML, like Gecko) Version/9.0 Mobile/13B143 Safari/601.1 wechatdevtools/1.02.1810250 MicroMessenger/6.5.7 Language/zh_CN webview/15439010129235386 webdebugger port/22444',
  'upgrade-insecure-requests' => '1',
  'cache-control' => 'max-age=0',
  'host' => 'www.activity.com',
)
[ info ] [ PARAM ] array (
)
---------------------------------------------------------------
[ 2018-12-04T14:45:52+08:00 ] 127.0.0.1 GET www.activity.com/
[运行时间：0.031945s] [吞吐率：31.30req/s] [内存消耗：1,698.77kb] [文件加载：62]
[ info ] [ LANG ] D:\localhost\activity\thinkphp\lang\zh-cn.php
[ info ] [ ROUTE ] array (
)
[ info ] [ HEADER ] array (
  'connection' => 'close',
  'cookie' => 'PHPSESSID=knbdqfgch1p138movi6u21u8vd',
  'accept-language' => 'zh-CN,zh;q=0.8',
  'accept-encoding' => 'gzip, deflate',
  'accept' => 'text/html,application/xhtml+xml,application/xml;q=0.9,image/webp,image/apng,*/*;q=0.8',
  'user-agent' => 'Mozilla/5.0 (iPhone; CPU iPhone OS 9_1 like Mac OS X) AppleWebKit/601.1.46 (KHTML, like Gecko) Version/9.0 Mobile/13B143 Safari/601.1 wechatdevtools/1.02.1810250 MicroMessenger/6.5.7 Language/zh_CN webview/15439010129235386 webdebugger port/22444',
  'upgrade-insecure-requests' => '1',
  'cache-control' => 'max-age=0',
  'host' => 'www.activity.com',
)
[ info ] [ PARAM ] array (
)
---------------------------------------------------------------
[ 2018-12-04T14:45:54+08:00 ] 127.0.0.1 GET www.activity.com/
[运行时间：0.032821s] [吞吐率：30.47req/s] [内存消耗：1,698.77kb] [文件加载：62]
[ info ] [ LANG ] D:\localhost\activity\thinkphp\lang\zh-cn.php
[ info ] [ ROUTE ] array (
)
[ info ] [ HEADER ] array (
  'connection' => 'close',
  'cookie' => 'PHPSESSID=knbdqfgch1p138movi6u21u8vd',
  'accept-language' => 'zh-CN,zh;q=0.8',
  'accept-encoding' => 'gzip, deflate',
  'accept' => 'text/html,application/xhtml+xml,application/xml;q=0.9,image/webp,image/apng,*/*;q=0.8',
  'user-agent' => 'Mozilla/5.0 (iPhone; CPU iPhone OS 9_1 like Mac OS X) AppleWebKit/601.1.46 (KHTML, like Gecko) Version/9.0 Mobile/13B143 Safari/601.1 wechatdevtools/1.02.1810250 MicroMessenger/6.5.7 Language/zh_CN webview/15439010129235386 webdebugger port/22444',
  'upgrade-insecure-requests' => '1',
  'cache-control' => 'max-age=0',
  'host' => 'www.activity.com',
)
[ info ] [ PARAM ] array (
)
---------------------------------------------------------------
[ 2018-12-04T14:45:55+08:00 ] 127.0.0.1 GET www.activity.com/
[运行时间：0.032456s] [吞吐率：30.81req/s] [内存消耗：1,698.77kb] [文件加载：62]
[ info ] [ LANG ] D:\localhost\activity\thinkphp\lang\zh-cn.php
[ info ] [ ROUTE ] array (
)
[ info ] [ HEADER ] array (
  'connection' => 'close',
  'cookie' => 'PHPSESSID=knbdqfgch1p138movi6u21u8vd',
  'accept-language' => 'zh-CN,zh;q=0.8',
  'accept-encoding' => 'gzip, deflate',
  'accept' => 'text/html,application/xhtml+xml,application/xml;q=0.9,image/webp,image/apng,*/*;q=0.8',
  'user-agent' => 'Mozilla/5.0 (iPhone; CPU iPhone OS 9_1 like Mac OS X) AppleWebKit/601.1.46 (KHTML, like Gecko) Version/9.0 Mobile/13B143 Safari/601.1 wechatdevtools/1.02.1810250 MicroMessenger/6.5.7 Language/zh_CN webview/15439010129235386 webdebugger port/22444',
  'upgrade-insecure-requests' => '1',
  'cache-control' => 'max-age=0',
  'host' => 'www.activity.com',
)
[ info ] [ PARAM ] array (
)
---------------------------------------------------------------
[ 2018-12-04T14:46:08+08:00 ] 127.0.0.1 GET www.activity.com/
[运行时间：0.034930s] [吞吐率：28.63req/s] [内存消耗：1,698.77kb] [文件加载：62]
[ info ] [ LANG ] D:\localhost\activity\thinkphp\lang\zh-cn.php
[ info ] [ ROUTE ] array (
)
[ info ] [ HEADER ] array (
  'connection' => 'close',
  'cookie' => 'PHPSESSID=knbdqfgch1p138movi6u21u8vd',
  'accept-language' => 'zh-CN,zh;q=0.8',
  'accept-encoding' => 'gzip, deflate',
  'accept' => 'text/html,application/xhtml+xml,application/xml;q=0.9,image/webp,image/apng,*/*;q=0.8',
  'user-agent' => 'Mozilla/5.0 (iPhone; CPU iPhone OS 9_1 like Mac OS X) AppleWebKit/601.1.46 (KHTML, like Gecko) Version/9.0 Mobile/13B143 Safari/601.1 wechatdevtools/1.02.1810250 MicroMessenger/6.5.7 Language/zh_CN webview/15439010129235386 webdebugger port/22444',
  'upgrade-insecure-requests' => '1',
  'cache-control' => 'max-age=0',
  'host' => 'www.activity.com',
)
[ info ] [ PARAM ] array (
)
---------------------------------------------------------------
[ 2018-12-04T14:46:08+08:00 ] 127.0.0.1 GET www.activity.com/
[运行时间：0.034438s] [吞吐率：29.04req/s] [内存消耗：1,698.77kb] [文件加载：62]
[ info ] [ LANG ] D:\localhost\activity\thinkphp\lang\zh-cn.php
[ info ] [ ROUTE ] array (
)
[ info ] [ HEADER ] array (
  'connection' => 'close',
  'cookie' => 'PHPSESSID=knbdqfgch1p138movi6u21u8vd',
  'accept-language' => 'zh-CN,zh;q=0.8',
  'accept-encoding' => 'gzip, deflate',
  'accept' => 'text/html,application/xhtml+xml,application/xml;q=0.9,image/webp,image/apng,*/*;q=0.8',
  'user-agent' => 'Mozilla/5.0 (iPhone; CPU iPhone OS 9_1 like Mac OS X) AppleWebKit/601.1.46 (KHTML, like Gecko) Version/9.0 Mobile/13B143 Safari/601.1 wechatdevtools/1.02.1810250 MicroMessenger/6.5.7 Language/zh_CN webview/15439010129235386 webdebugger port/22444',
  'upgrade-insecure-requests' => '1',
  'cache-control' => 'max-age=0',
  'host' => 'www.activity.com',
)
[ info ] [ PARAM ] array (
)
---------------------------------------------------------------
[ 2018-12-04T14:46:15+08:00 ] 127.0.0.1 GET www.activity.com/
[运行时间：0.043140s] [吞吐率：23.18req/s] [内存消耗：1,697.14kb] [文件加载：63]
[ info ] [ LANG ] D:\localhost\activity\thinkphp\lang\zh-cn.php
[ info ] [ ROUTE ] array (
)
[ info ] [ HEADER ] array (
  'cookie' => 'pgv_pvi=1966599168; PHPSESSID=a2pakgoo9igolgfficom1rb13b',
  'accept-language' => 'zh-CN,zh;q=0.9',
  'accept-encoding' => 'gzip, deflate',
  'accept' => 'text/html,application/xhtml+xml,application/xml;q=0.9,image/webp,image/apng,*/*;q=0.8',
  'user-agent' => 'Mozilla/5.0 (Windows NT 10.0; WOW64) AppleWebKit/537.36 (KHTML, like Gecko) Chrome/70.0.3538.110 Safari/537.36',
  'upgrade-insecure-requests' => '1',
  'connection' => 'close',
  'host' => 'www.activity.com',
)
[ info ] [ PARAM ] array (
)
---------------------------------------------------------------
[ 2018-12-04T14:46:19+08:00 ] 127.0.0.1 GET www.activity.com/
[运行时间：0.034318s] [吞吐率：29.14req/s] [内存消耗：1,698.77kb] [文件加载：62]
[ info ] [ LANG ] D:\localhost\activity\thinkphp\lang\zh-cn.php
[ info ] [ ROUTE ] array (
)
[ info ] [ HEADER ] array (
  'connection' => 'close',
  'cookie' => 'PHPSESSID=knbdqfgch1p138movi6u21u8vd',
  'accept-language' => 'zh-CN,zh;q=0.8',
  'accept-encoding' => 'gzip, deflate',
  'accept' => 'text/html,application/xhtml+xml,application/xml;q=0.9,image/webp,image/apng,*/*;q=0.8',
  'user-agent' => 'Mozilla/5.0 (iPhone; CPU iPhone OS 9_1 like Mac OS X) AppleWebKit/601.1.46 (KHTML, like Gecko) Version/9.0 Mobile/13B143 Safari/601.1 wechatdevtools/1.02.1810250 MicroMessenger/6.5.7 Language/zh_CN webview/15439010129235386 webdebugger port/22444',
  'upgrade-insecure-requests' => '1',
  'cache-control' => 'max-age=0',
  'host' => 'www.activity.com',
)
[ info ] [ PARAM ] array (
)
---------------------------------------------------------------
[ 2018-12-04T14:46:19+08:00 ] 127.0.0.1 GET www.activity.com/
[运行时间：0.032141s] [吞吐率：31.11req/s] [内存消耗：1,698.77kb] [文件加载：62]
[ info ] [ LANG ] D:\localhost\activity\thinkphp\lang\zh-cn.php
[ info ] [ ROUTE ] array (
)
[ info ] [ HEADER ] array (
  'connection' => 'close',
  'cookie' => 'PHPSESSID=knbdqfgch1p138movi6u21u8vd',
  'accept-language' => 'zh-CN,zh;q=0.8',
  'accept-encoding' => 'gzip, deflate',
  'accept' => 'text/html,application/xhtml+xml,application/xml;q=0.9,image/webp,image/apng,*/*;q=0.8',
  'user-agent' => 'Mozilla/5.0 (iPhone; CPU iPhone OS 9_1 like Mac OS X) AppleWebKit/601.1.46 (KHTML, like Gecko) Version/9.0 Mobile/13B143 Safari/601.1 wechatdevtools/1.02.1810250 MicroMessenger/6.5.7 Language/zh_CN webview/15439010129235386 webdebugger port/22444',
  'upgrade-insecure-requests' => '1',
  'cache-control' => 'max-age=0',
  'host' => 'www.activity.com',
)
[ info ] [ PARAM ] array (
)
---------------------------------------------------------------
[ 2018-12-04T14:46:42+08:00 ] 127.0.0.1 GET www.activity.com/
[运行时间：0.034131s] [吞吐率：29.30req/s] [内存消耗：1,698.77kb] [文件加载：62]
[ info ] [ LANG ] D:\localhost\activity\thinkphp\lang\zh-cn.php
[ info ] [ ROUTE ] array (
)
[ info ] [ HEADER ] array (
  'connection' => 'close',
  'cookie' => 'PHPSESSID=knbdqfgch1p138movi6u21u8vd',
  'accept-language' => 'zh-CN,zh;q=0.8',
  'accept-encoding' => 'gzip, deflate',
  'accept' => 'text/html,application/xhtml+xml,application/xml;q=0.9,image/webp,image/apng,*/*;q=0.8',
  'user-agent' => 'Mozilla/5.0 (iPhone; CPU iPhone OS 9_1 like Mac OS X) AppleWebKit/601.1.46 (KHTML, like Gecko) Version/9.0 Mobile/13B143 Safari/601.1 wechatdevtools/1.02.1810250 MicroMessenger/6.5.7 Language/zh_CN webview/15439010129235386 webdebugger port/22444',
  'upgrade-insecure-requests' => '1',
  'cache-control' => 'max-age=0',
  'host' => 'www.activity.com',
)
[ info ] [ PARAM ] array (
)
---------------------------------------------------------------
[ 2018-12-04T14:46:42+08:00 ] 127.0.0.1 GET www.activity.com/
[运行时间：0.033503s] [吞吐率：29.85req/s] [内存消耗：1,698.77kb] [文件加载：62]
[ info ] [ LANG ] D:\localhost\activity\thinkphp\lang\zh-cn.php
[ info ] [ ROUTE ] array (
)
[ info ] [ HEADER ] array (
  'connection' => 'close',
  'cookie' => 'PHPSESSID=knbdqfgch1p138movi6u21u8vd',
  'accept-language' => 'zh-CN,zh;q=0.8',
  'accept-encoding' => 'gzip, deflate',
  'accept' => 'text/html,application/xhtml+xml,application/xml;q=0.9,image/webp,image/apng,*/*;q=0.8',
  'user-agent' => 'Mozilla/5.0 (iPhone; CPU iPhone OS 9_1 like Mac OS X) AppleWebKit/601.1.46 (KHTML, like Gecko) Version/9.0 Mobile/13B143 Safari/601.1 wechatdevtools/1.02.1810250 MicroMessenger/6.5.7 Language/zh_CN webview/15439010129235386 webdebugger port/22444',
  'upgrade-insecure-requests' => '1',
  'cache-control' => 'max-age=0',
  'host' => 'www.activity.com',
)
[ info ] [ PARAM ] array (
)
---------------------------------------------------------------
[ 2018-12-04T14:47:02+08:00 ] 127.0.0.1 GET www.activity.com/
[运行时间：0.034312s] [吞吐率：29.14req/s] [内存消耗：1,698.77kb] [文件加载：62]
[ info ] [ LANG ] D:\localhost\activity\thinkphp\lang\zh-cn.php
[ info ] [ ROUTE ] array (
)
[ info ] [ HEADER ] array (
  'connection' => 'close',
  'cookie' => 'PHPSESSID=knbdqfgch1p138movi6u21u8vd',
  'accept-language' => 'zh-CN,zh;q=0.8',
  'accept-encoding' => 'gzip, deflate',
  'accept' => 'text/html,application/xhtml+xml,application/xml;q=0.9,image/webp,image/apng,*/*;q=0.8',
  'user-agent' => 'Mozilla/5.0 (iPhone; CPU iPhone OS 9_1 like Mac OS X) AppleWebKit/601.1.46 (KHTML, like Gecko) Version/9.0 Mobile/13B143 Safari/601.1 wechatdevtools/1.02.1810250 MicroMessenger/6.5.7 Language/zh_CN webview/15439010129235386 webdebugger port/22444',
  'upgrade-insecure-requests' => '1',
  'cache-control' => 'max-age=0',
  'host' => 'www.activity.com',
)
[ info ] [ PARAM ] array (
)
---------------------------------------------------------------
[ 2018-12-04T14:47:02+08:00 ] 127.0.0.1 GET www.activity.com/
[运行时间：0.031920s] [吞吐率：31.33req/s] [内存消耗：1,698.77kb] [文件加载：62]
[ info ] [ LANG ] D:\localhost\activity\thinkphp\lang\zh-cn.php
[ info ] [ ROUTE ] array (
)
[ info ] [ HEADER ] array (
  'connection' => 'close',
  'cookie' => 'PHPSESSID=knbdqfgch1p138movi6u21u8vd',
  'accept-language' => 'zh-CN,zh;q=0.8',
  'accept-encoding' => 'gzip, deflate',
  'accept' => 'text/html,application/xhtml+xml,application/xml;q=0.9,image/webp,image/apng,*/*;q=0.8',
  'user-agent' => 'Mozilla/5.0 (iPhone; CPU iPhone OS 9_1 like Mac OS X) AppleWebKit/601.1.46 (KHTML, like Gecko) Version/9.0 Mobile/13B143 Safari/601.1 wechatdevtools/1.02.1810250 MicroMessenger/6.5.7 Language/zh_CN webview/15439010129235386 webdebugger port/22444',
  'upgrade-insecure-requests' => '1',
  'cache-control' => 'max-age=0',
  'host' => 'www.activity.com',
)
[ info ] [ PARAM ] array (
)
---------------------------------------------------------------
[ 2018-12-04T14:47:51+08:00 ] 127.0.0.1 GET www.activity.com/
[运行时间：0.034726s] [吞吐率：28.80req/s] [内存消耗：1,698.77kb] [文件加载：62]
[ info ] [ LANG ] D:\localhost\activity\thinkphp\lang\zh-cn.php
[ info ] [ ROUTE ] array (
)
[ info ] [ HEADER ] array (
  'connection' => 'close',
  'cookie' => 'PHPSESSID=knbdqfgch1p138movi6u21u8vd',
  'accept-language' => 'zh-CN,zh;q=0.8',
  'accept-encoding' => 'gzip, deflate',
  'accept' => 'text/html,application/xhtml+xml,application/xml;q=0.9,image/webp,image/apng,*/*;q=0.8',
  'user-agent' => 'Mozilla/5.0 (iPhone; CPU iPhone OS 9_1 like Mac OS X) AppleWebKit/601.1.46 (KHTML, like Gecko) Version/9.0 Mobile/13B143 Safari/601.1 wechatdevtools/1.02.1810250 MicroMessenger/6.5.7 Language/zh_CN webview/15439010129235386 webdebugger port/22444',
  'upgrade-insecure-requests' => '1',
  'cache-control' => 'max-age=0',
  'host' => 'www.activity.com',
)
[ info ] [ PARAM ] array (
)
---------------------------------------------------------------
[ 2018-12-04T14:47:51+08:00 ] 127.0.0.1 GET www.activity.com/
[运行时间：0.033588s] [吞吐率：29.77req/s] [内存消耗：1,698.77kb] [文件加载：62]
[ info ] [ LANG ] D:\localhost\activity\thinkphp\lang\zh-cn.php
[ info ] [ ROUTE ] array (
)
[ info ] [ HEADER ] array (
  'connection' => 'close',
  'cookie' => 'PHPSESSID=knbdqfgch1p138movi6u21u8vd',
  'accept-language' => 'zh-CN,zh;q=0.8',
  'accept-encoding' => 'gzip, deflate',
  'accept' => 'text/html,application/xhtml+xml,application/xml;q=0.9,image/webp,image/apng,*/*;q=0.8',
  'user-agent' => 'Mozilla/5.0 (iPhone; CPU iPhone OS 9_1 like Mac OS X) AppleWebKit/601.1.46 (KHTML, like Gecko) Version/9.0 Mobile/13B143 Safari/601.1 wechatdevtools/1.02.1810250 MicroMessenger/6.5.7 Language/zh_CN webview/15439010129235386 webdebugger port/22444',
  'upgrade-insecure-requests' => '1',
  'cache-control' => 'max-age=0',
  'host' => 'www.activity.com',
)
[ info ] [ PARAM ] array (
)
---------------------------------------------------------------
[ 2018-12-04T14:48:23+08:00 ] 127.0.0.1 GET www.activity.com/index/base/getuser
[运行时间：0.261136s] [吞吐率：3.83req/s] [内存消耗：1,775.56kb] [文件加载：67]
[ info ] [ LANG ] D:\localhost\activity\thinkphp\lang\zh-cn.php
[ info ] [ ROUTE ] array (
)
[ info ] [ HEADER ] array (
  'cookie' => 'pgv_pvi=1966599168; PHPSESSID=a2pakgoo9igolgfficom1rb13b',
  'accept-language' => 'zh-CN,zh;q=0.9',
  'accept-encoding' => 'gzip, deflate',
  'accept' => 'text/html,application/xhtml+xml,application/xml;q=0.9,image/webp,image/apng,*/*;q=0.8',
  'user-agent' => 'Mozilla/5.0 (Windows NT 10.0; WOW64) AppleWebKit/537.36 (KHTML, like Gecko) Chrome/70.0.3538.110 Safari/537.36',
  'upgrade-insecure-requests' => '1',
  'connection' => 'close',
  'host' => 'www.activity.com',
)
[ info ] [ PARAM ] array (
)
[ error ] [8]未定义数组索引: openid[D:\localhost\activity\application\index\controller\Base.php:26]
---------------------------------------------------------------
[ 2018-12-04T14:48:26+08:00 ] 127.0.0.1 GET www.activity.com/
[运行时间：0.037682s] [吞吐率：26.54req/s] [内存消耗：1,693.58kb] [文件加载：62]
[ info ] [ LANG ] D:\localhost\activity\thinkphp\lang\zh-cn.php
[ info ] [ ROUTE ] array (
)
[ info ] [ HEADER ] array (
  'cookie' => 'pgv_pvi=1966599168; PHPSESSID=a2pakgoo9igolgfficom1rb13b',
  'accept-language' => 'zh-CN,zh;q=0.9',
  'accept-encoding' => 'gzip, deflate',
  'accept' => 'text/html,application/xhtml+xml,application/xml;q=0.9,image/webp,image/apng,*/*;q=0.8',
  'user-agent' => 'Mozilla/5.0 (Windows NT 10.0; WOW64) AppleWebKit/537.36 (KHTML, like Gecko) Chrome/70.0.3538.110 Safari/537.36',
  'upgrade-insecure-requests' => '1',
  'connection' => 'close',
  'host' => 'www.activity.com',
)
[ info ] [ PARAM ] array (
)
---------------------------------------------------------------
[ 2018-12-04T17:11:09+08:00 ] 127.0.0.1 GET www.activity.com/
[运行时间：0.413691s] [吞吐率：2.42req/s] [内存消耗：1,698.03kb] [文件加载：63]
[ info ] [ LANG ] D:\localhost\activity\thinkphp\lang\zh-cn.php
[ info ] [ ROUTE ] array (
)
[ info ] [ HEADER ] array (
  'cookie' => 'pgv_pvi=1966599168; PHPSESSID=a2pakgoo9igolgfficom1rb13b',
  'accept-language' => 'zh-CN,zh;q=0.9',
  'accept-encoding' => 'gzip, deflate',
  'accept' => 'text/html,application/xhtml+xml,application/xml;q=0.9,image/webp,image/apng,*/*;q=0.8',
  'user-agent' => 'Mozilla/5.0 (Windows NT 10.0; WOW64) AppleWebKit/537.36 (KHTML, like Gecko) Chrome/70.0.3538.110 Safari/537.36',
  'upgrade-insecure-requests' => '1',
  'cache-control' => 'max-age=0',
  'connection' => 'close',
  'host' => 'www.activity.com',
)
[ info ] [ PARAM ] array (
)
---------------------------------------------------------------
[ 2018-12-04T17:12:22+08:00 ] 127.0.0.1 GET www.activity.com/
[运行时间：0.319417s] [吞吐率：3.13req/s] [内存消耗：1,698.03kb] [文件加载：63]
[ info ] [ LANG ] D:\localhost\activity\thinkphp\lang\zh-cn.php
[ info ] [ ROUTE ] array (
)
[ info ] [ HEADER ] array (
  'cookie' => 'pgv_pvi=1966599168; PHPSESSID=a2pakgoo9igolgfficom1rb13b',
  'accept-language' => 'zh-CN,zh;q=0.9',
  'accept-encoding' => 'gzip, deflate',
  'accept' => 'text/html,application/xhtml+xml,application/xml;q=0.9,image/webp,image/apng,*/*;q=0.8',
  'user-agent' => 'Mozilla/5.0 (Windows NT 10.0; WOW64) AppleWebKit/537.36 (KHTML, like Gecko) Chrome/70.0.3538.110 Safari/537.36',
  'upgrade-insecure-requests' => '1',
  'cache-control' => 'max-age=0',
  'connection' => 'close',
  'host' => 'www.activity.com',
)
[ info ] [ PARAM ] array (
)
---------------------------------------------------------------
[ 2018-12-04T17:18:23+08:00 ] 127.0.0.1 GET www.activity.com/
[运行时间：0.356845s] [吞吐率：2.80req/s] [内存消耗：1,698.39kb] [文件加载：63]
[ info ] [ LANG ] D:\localhost\activity\thinkphp\lang\zh-cn.php
[ info ] [ ROUTE ] array (
)
[ info ] [ HEADER ] array (
  'cookie' => 'pgv_pvi=1966599168; PHPSESSID=a2pakgoo9igolgfficom1rb13b',
  'accept-language' => 'zh-CN,zh;q=0.9',
  'accept-encoding' => 'gzip, deflate',
  'accept' => 'text/html,application/xhtml+xml,application/xml;q=0.9,image/webp,image/apng,*/*;q=0.8',
  'user-agent' => 'Mozilla/5.0 (Windows NT 10.0; WOW64) AppleWebKit/537.36 (KHTML, like Gecko) Chrome/70.0.3538.110 Safari/537.36',
  'upgrade-insecure-requests' => '1',
  'cache-control' => 'max-age=0',
  'connection' => 'close',
  'host' => 'www.activity.com',
)
[ info ] [ PARAM ] array (
)
---------------------------------------------------------------
[ 2018-12-04T17:18:26+08:00 ] 127.0.0.1 GET www.activity.com/
[运行时间：0.273129s] [吞吐率：3.66req/s] [内存消耗：1,698.39kb] [文件加载：63]
[ info ] [ LANG ] D:\localhost\activity\thinkphp\lang\zh-cn.php
[ info ] [ ROUTE ] array (
)
[ info ] [ HEADER ] array (
  'cookie' => 'pgv_pvi=1966599168; PHPSESSID=a2pakgoo9igolgfficom1rb13b',
  'accept-language' => 'zh-CN,zh;q=0.9',
  'accept-encoding' => 'gzip, deflate',
  'accept' => 'text/html,application/xhtml+xml,application/xml;q=0.9,image/webp,image/apng,*/*;q=0.8',
  'user-agent' => 'Mozilla/5.0 (Windows NT 10.0; WOW64) AppleWebKit/537.36 (KHTML, like Gecko) Chrome/70.0.3538.110 Safari/537.36',
  'upgrade-insecure-requests' => '1',
  'cache-control' => 'max-age=0',
  'connection' => 'close',
  'host' => 'www.activity.com',
)
[ info ] [ PARAM ] array (
)
---------------------------------------------------------------
[ 2018-12-04T17:18:54+08:00 ] 127.0.0.1 GET www.activity.com/
[运行时间：0.326450s] [吞吐率：3.06req/s] [内存消耗：1,699.02kb] [文件加载：63]
[ info ] [ LANG ] D:\localhost\activity\thinkphp\lang\zh-cn.php
[ info ] [ ROUTE ] array (
)
[ info ] [ HEADER ] array (
  'cookie' => 'pgv_pvi=1966599168; PHPSESSID=a2pakgoo9igolgfficom1rb13b',
  'accept-language' => 'zh-CN,zh;q=0.9',
  'accept-encoding' => 'gzip, deflate',
  'accept' => 'text/html,application/xhtml+xml,application/xml;q=0.9,image/webp,image/apng,*/*;q=0.8',
  'user-agent' => 'Mozilla/5.0 (Windows NT 10.0; WOW64) AppleWebKit/537.36 (KHTML, like Gecko) Chrome/70.0.3538.110 Safari/537.36',
  'upgrade-insecure-requests' => '1',
  'cache-control' => 'max-age=0',
  'connection' => 'close',
  'host' => 'www.activity.com',
)
[ info ] [ PARAM ] array (
)
---------------------------------------------------------------
[ 2018-12-04T17:18:55+08:00 ] 127.0.0.1 GET www.activity.com/
[运行时间：0.290098s] [吞吐率：3.45req/s] [内存消耗：1,699.02kb] [文件加载：63]
[ info ] [ LANG ] D:\localhost\activity\thinkphp\lang\zh-cn.php
[ info ] [ ROUTE ] array (
)
[ info ] [ HEADER ] array (
  'cookie' => 'pgv_pvi=1966599168; PHPSESSID=a2pakgoo9igolgfficom1rb13b',
  'accept-language' => 'zh-CN,zh;q=0.9',
  'accept-encoding' => 'gzip, deflate',
  'accept' => 'text/html,application/xhtml+xml,application/xml;q=0.9,image/webp,image/apng,*/*;q=0.8',
  'user-agent' => 'Mozilla/5.0 (Windows NT 10.0; WOW64) AppleWebKit/537.36 (KHTML, like Gecko) Chrome/70.0.3538.110 Safari/537.36',
  'upgrade-insecure-requests' => '1',
  'cache-control' => 'max-age=0',
  'connection' => 'close',
  'host' => 'www.activity.com',
)
[ info ] [ PARAM ] array (
)
---------------------------------------------------------------
[ 2018-12-04T17:20:14+08:00 ] 127.0.0.1 GET www.activity.com/
[运行时间：0.036969s] [吞吐率：27.05req/s] [内存消耗：1,687.67kb] [文件加载：61]
[ info ] [ LANG ] D:\localhost\activity\thinkphp\lang\zh-cn.php
[ info ] [ ROUTE ] array (
)
[ info ] [ HEADER ] array (
  'cookie' => 'pgv_pvi=1966599168; PHPSESSID=a2pakgoo9igolgfficom1rb13b',
  'accept-language' => 'zh-CN,zh;q=0.9',
  'accept-encoding' => 'gzip, deflate',
  'accept' => 'text/html,application/xhtml+xml,application/xml;q=0.9,image/webp,image/apng,*/*;q=0.8',
  'user-agent' => 'Mozilla/5.0 (Windows NT 10.0; WOW64) AppleWebKit/537.36 (KHTML, like Gecko) Chrome/70.0.3538.110 Safari/537.36',
  'upgrade-insecure-requests' => '1',
  'cache-control' => 'max-age=0',
  'connection' => 'close',
  'host' => 'www.activity.com',
)
[ info ] [ PARAM ] array (
)
---------------------------------------------------------------
[ 2018-12-04T17:20:31+08:00 ] 127.0.0.1 GET www.activity.com/
[运行时间：0.043718s] [吞吐率：22.87req/s] [内存消耗：1,687.67kb] [文件加载：61]
[ info ] [ LANG ] D:\localhost\activity\thinkphp\lang\zh-cn.php
[ info ] [ ROUTE ] array (
)
[ info ] [ HEADER ] array (
  'cookie' => 'pgv_pvi=1966599168; PHPSESSID=a2pakgoo9igolgfficom1rb13b',
  'accept-language' => 'zh-CN,zh;q=0.9',
  'accept-encoding' => 'gzip, deflate',
  'accept' => 'text/html,application/xhtml+xml,application/xml;q=0.9,image/webp,image/apng,*/*;q=0.8',
  'user-agent' => 'Mozilla/5.0 (Windows NT 10.0; WOW64) AppleWebKit/537.36 (KHTML, like Gecko) Chrome/70.0.3538.110 Safari/537.36',
  'upgrade-insecure-requests' => '1',
  'cache-control' => 'max-age=0',
  'connection' => 'close',
  'host' => 'www.activity.com',
)
[ info ] [ PARAM ] array (
)
---------------------------------------------------------------
[ 2018-12-04T17:20:44+08:00 ] 127.0.0.1 GET www.activity.com/
[运行时间：0.035967s] [吞吐率：27.80req/s] [内存消耗：1,687.80kb] [文件加载：61]
[ info ] [ LANG ] D:\localhost\activity\thinkphp\lang\zh-cn.php
[ info ] [ ROUTE ] array (
)
[ info ] [ HEADER ] array (
  'cookie' => 'pgv_pvi=1966599168; PHPSESSID=a2pakgoo9igolgfficom1rb13b',
  'accept-language' => 'zh-CN,zh;q=0.9',
  'accept-encoding' => 'gzip, deflate',
  'accept' => 'text/html,application/xhtml+xml,application/xml;q=0.9,image/webp,image/apng,*/*;q=0.8',
  'user-agent' => 'Mozilla/5.0 (Windows NT 10.0; WOW64) AppleWebKit/537.36 (KHTML, like Gecko) Chrome/70.0.3538.110 Safari/537.36',
  'upgrade-insecure-requests' => '1',
  'cache-control' => 'max-age=0',
  'connection' => 'close',
  'host' => 'www.activity.com',
)
[ info ] [ PARAM ] array (
)
---------------------------------------------------------------
[ 2018-12-04T17:20:57+08:00 ] 127.0.0.1 GET www.activity.com/
[运行时间：0.037397s] [吞吐率：26.74req/s] [内存消耗：1,687.30kb] [文件加载：61]
[ info ] [ LANG ] D:\localhost\activity\thinkphp\lang\zh-cn.php
[ info ] [ ROUTE ] array (
)
[ info ] [ HEADER ] array (
  'cookie' => 'pgv_pvi=1966599168; PHPSESSID=a2pakgoo9igolgfficom1rb13b',
  'accept-language' => 'zh-CN,zh;q=0.9',
  'accept-encoding' => 'gzip, deflate',
  'accept' => 'text/html,application/xhtml+xml,application/xml;q=0.9,image/webp,image/apng,*/*;q=0.8',
  'user-agent' => 'Mozilla/5.0 (Windows NT 10.0; WOW64) AppleWebKit/537.36 (KHTML, like Gecko) Chrome/70.0.3538.110 Safari/537.36',
  'upgrade-insecure-requests' => '1',
  'cache-control' => 'max-age=0',
  'connection' => 'close',
  'host' => 'www.activity.com',
)
[ info ] [ PARAM ] array (
)
---------------------------------------------------------------
[ 2018-12-04T17:21:11+08:00 ] 127.0.0.1 GET www.activity.com/
[运行时间：0.040891s] [吞吐率：24.46req/s] [内存消耗：1,779.44kb] [文件加载：67]
[ info ] [ LANG ] D:\localhost\activity\thinkphp\lang\zh-cn.php
[ info ] [ ROUTE ] array (
)
[ info ] [ HEADER ] array (
  'cookie' => 'pgv_pvi=1966599168; PHPSESSID=a2pakgoo9igolgfficom1rb13b',
  'accept-language' => 'zh-CN,zh;q=0.9',
  'accept-encoding' => 'gzip, deflate',
  'accept' => 'text/html,application/xhtml+xml,application/xml;q=0.9,image/webp,image/apng,*/*;q=0.8',
  'user-agent' => 'Mozilla/5.0 (Windows NT 10.0; WOW64) AppleWebKit/537.36 (KHTML, like Gecko) Chrome/70.0.3538.110 Safari/537.36',
  'upgrade-insecure-requests' => '1',
  'cache-control' => 'max-age=0',
  'connection' => 'close',
  'host' => 'www.activity.com',
)
[ info ] [ PARAM ] array (
)
[ error ] [2]Illegal string offset 'expire_time'[D:\localhost\activity\application\common.php:20]
---------------------------------------------------------------
[ 2018-12-04T17:21:20+08:00 ] 127.0.0.1 GET www.activity.com/
[运行时间：0.037201s] [吞吐率：26.88req/s] [内存消耗：1,687.67kb] [文件加载：61]
[ info ] [ LANG ] D:\localhost\activity\thinkphp\lang\zh-cn.php
[ info ] [ ROUTE ] array (
)
[ info ] [ HEADER ] array (
  'cookie' => 'pgv_pvi=1966599168; PHPSESSID=a2pakgoo9igolgfficom1rb13b',
  'accept-language' => 'zh-CN,zh;q=0.9',
  'accept-encoding' => 'gzip, deflate',
  'accept' => 'text/html,application/xhtml+xml,application/xml;q=0.9,image/webp,image/apng,*/*;q=0.8',
  'user-agent' => 'Mozilla/5.0 (Windows NT 10.0; WOW64) AppleWebKit/537.36 (KHTML, like Gecko) Chrome/70.0.3538.110 Safari/537.36',
  'upgrade-insecure-requests' => '1',
  'cache-control' => 'max-age=0',
  'connection' => 'close',
  'host' => 'www.activity.com',
)
[ info ] [ PARAM ] array (
)
---------------------------------------------------------------
[ 2018-12-04T17:21:27+08:00 ] 127.0.0.1 GET www.activity.com/
[运行时间：0.040031s] [吞吐率：24.98req/s] [内存消耗：1,687.67kb] [文件加载：61]
[ info ] [ LANG ] D:\localhost\activity\thinkphp\lang\zh-cn.php
[ info ] [ ROUTE ] array (
)
[ info ] [ HEADER ] array (
  'cookie' => 'pgv_pvi=1966599168; PHPSESSID=a2pakgoo9igolgfficom1rb13b',
  'accept-language' => 'zh-CN,zh;q=0.9',
  'accept-encoding' => 'gzip, deflate',
  'accept' => 'text/html,application/xhtml+xml,application/xml;q=0.9,image/webp,image/apng,*/*;q=0.8',
  'user-agent' => 'Mozilla/5.0 (Windows NT 10.0; WOW64) AppleWebKit/537.36 (KHTML, like Gecko) Chrome/70.0.3538.110 Safari/537.36',
  'upgrade-insecure-requests' => '1',
  'cache-control' => 'max-age=0',
  'connection' => 'close',
  'host' => 'www.activity.com',
)
[ info ] [ PARAM ] array (
)
---------------------------------------------------------------
[ 2018-12-04T17:23:24+08:00 ] 127.0.0.1 GET www.activity.com/
[运行时间：0.042315s] [吞吐率：23.63req/s] [内存消耗：1,687.30kb] [文件加载：61]
[ info ] [ LANG ] D:\localhost\activity\thinkphp\lang\zh-cn.php
[ info ] [ ROUTE ] array (
)
[ info ] [ HEADER ] array (
  'cookie' => 'pgv_pvi=1966599168; PHPSESSID=a2pakgoo9igolgfficom1rb13b',
  'accept-language' => 'zh-CN,zh;q=0.9',
  'accept-encoding' => 'gzip, deflate',
  'accept' => 'text/html,application/xhtml+xml,application/xml;q=0.9,image/webp,image/apng,*/*;q=0.8',
  'user-agent' => 'Mozilla/5.0 (Windows NT 10.0; WOW64) AppleWebKit/537.36 (KHTML, like Gecko) Chrome/70.0.3538.110 Safari/537.36',
  'upgrade-insecure-requests' => '1',
  'cache-control' => 'max-age=0',
  'connection' => 'close',
  'host' => 'www.activity.com',
)
[ info ] [ PARAM ] array (
)
---------------------------------------------------------------
[ 2018-12-04T17:23:56+08:00 ] 127.0.0.1 GET www.activity.com/
[运行时间：0.034466s] [吞吐率：29.01req/s] [内存消耗：1,687.67kb] [文件加载：61]
[ info ] [ LANG ] D:\localhost\activity\thinkphp\lang\zh-cn.php
[ info ] [ ROUTE ] array (
)
[ info ] [ HEADER ] array (
  'cookie' => 'pgv_pvi=1966599168; PHPSESSID=a2pakgoo9igolgfficom1rb13b',
  'accept-language' => 'zh-CN,zh;q=0.9',
  'accept-encoding' => 'gzip, deflate',
  'accept' => 'text/html,application/xhtml+xml,application/xml;q=0.9,image/webp,image/apng,*/*;q=0.8',
  'user-agent' => 'Mozilla/5.0 (Windows NT 10.0; WOW64) AppleWebKit/537.36 (KHTML, like Gecko) Chrome/70.0.3538.110 Safari/537.36',
  'upgrade-insecure-requests' => '1',
  'cache-control' => 'max-age=0',
  'connection' => 'close',
  'host' => 'www.activity.com',
)
[ info ] [ PARAM ] array (
)
---------------------------------------------------------------
[ 2018-12-04T17:24:02+08:00 ] 127.0.0.1 GET www.activity.com/
[运行时间：0.038681s] [吞吐率：25.85req/s] [内存消耗：1,687.30kb] [文件加载：61]
[ info ] [ LANG ] D:\localhost\activity\thinkphp\lang\zh-cn.php
[ info ] [ ROUTE ] array (
)
[ info ] [ HEADER ] array (
  'cookie' => 'pgv_pvi=1966599168; PHPSESSID=a2pakgoo9igolgfficom1rb13b',
  'accept-language' => 'zh-CN,zh;q=0.9',
  'accept-encoding' => 'gzip, deflate',
  'accept' => 'text/html,application/xhtml+xml,application/xml;q=0.9,image/webp,image/apng,*/*;q=0.8',
  'user-agent' => 'Mozilla/5.0 (Windows NT 10.0; WOW64) AppleWebKit/537.36 (KHTML, like Gecko) Chrome/70.0.3538.110 Safari/537.36',
  'upgrade-insecure-requests' => '1',
  'cache-control' => 'max-age=0',
  'connection' => 'close',
  'host' => 'www.activity.com',
)
[ info ] [ PARAM ] array (
)
---------------------------------------------------------------
[ 2018-12-04T17:24:58+08:00 ] 127.0.0.1 GET www.activity.com/
[运行时间：0.037100s] [吞吐率：26.95req/s] [内存消耗：1,687.71kb] [文件加载：61]
[ info ] [ LANG ] D:\localhost\activity\thinkphp\lang\zh-cn.php
[ info ] [ ROUTE ] array (
)
[ info ] [ HEADER ] array (
  'cookie' => 'pgv_pvi=1966599168; PHPSESSID=a2pakgoo9igolgfficom1rb13b',
  'accept-language' => 'zh-CN,zh;q=0.9',
  'accept-encoding' => 'gzip, deflate',
  'accept' => 'text/html,application/xhtml+xml,application/xml;q=0.9,image/webp,image/apng,*/*;q=0.8',
  'user-agent' => 'Mozilla/5.0 (Windows NT 10.0; WOW64) AppleWebKit/537.36 (KHTML, like Gecko) Chrome/70.0.3538.110 Safari/537.36',
  'upgrade-insecure-requests' => '1',
  'cache-control' => 'max-age=0',
  'connection' => 'close',
  'host' => 'www.activity.com',
)
[ info ] [ PARAM ] array (
)
---------------------------------------------------------------
[ 2018-12-04T17:26:12+08:00 ] 127.0.0.1 GET www.activity.com/
[运行时间：0.041545s] [吞吐率：24.07req/s] [内存消耗：1,687.71kb] [文件加载：61]
[ info ] [ LANG ] D:\localhost\activity\thinkphp\lang\zh-cn.php
[ info ] [ ROUTE ] array (
)
[ info ] [ HEADER ] array (
  'cookie' => 'pgv_pvi=1966599168; PHPSESSID=a2pakgoo9igolgfficom1rb13b',
  'accept-language' => 'zh-CN,zh;q=0.9',
  'accept-encoding' => 'gzip, deflate',
  'accept' => 'text/html,application/xhtml+xml,application/xml;q=0.9,image/webp,image/apng,*/*;q=0.8',
  'user-agent' => 'Mozilla/5.0 (Windows NT 10.0; WOW64) AppleWebKit/537.36 (KHTML, like Gecko) Chrome/70.0.3538.110 Safari/537.36',
  'upgrade-insecure-requests' => '1',
  'cache-control' => 'max-age=0',
  'connection' => 'close',
  'host' => 'www.activity.com',
)
[ info ] [ PARAM ] array (
)
---------------------------------------------------------------
[ 2018-12-04T17:27:43+08:00 ] 127.0.0.1 GET www.activity.com/
[运行时间：0.038555s] [吞吐率：25.94req/s] [内存消耗：1,687.67kb] [文件加载：61]
[ info ] [ LANG ] D:\localhost\activity\thinkphp\lang\zh-cn.php
[ info ] [ ROUTE ] array (
)
[ info ] [ HEADER ] array (
  'cookie' => 'pgv_pvi=1966599168; PHPSESSID=a2pakgoo9igolgfficom1rb13b',
  'accept-language' => 'zh-CN,zh;q=0.9',
  'accept-encoding' => 'gzip, deflate',
  'accept' => 'text/html,application/xhtml+xml,application/xml;q=0.9,image/webp,image/apng,*/*;q=0.8',
  'user-agent' => 'Mozilla/5.0 (Windows NT 10.0; WOW64) AppleWebKit/537.36 (KHTML, like Gecko) Chrome/70.0.3538.110 Safari/537.36',
  'upgrade-insecure-requests' => '1',
  'cache-control' => 'max-age=0',
  'connection' => 'close',
  'host' => 'www.activity.com',
)
[ info ] [ PARAM ] array (
)
---------------------------------------------------------------
[ 2018-12-04T17:27:57+08:00 ] 127.0.0.1 GET www.activity.com/
[运行时间：0.035677s] [吞吐率：28.03req/s] [内存消耗：1,687.67kb] [文件加载：61]
[ info ] [ LANG ] D:\localhost\activity\thinkphp\lang\zh-cn.php
[ info ] [ ROUTE ] array (
)
[ info ] [ HEADER ] array (
  'cookie' => 'pgv_pvi=1966599168; PHPSESSID=a2pakgoo9igolgfficom1rb13b',
  'accept-language' => 'zh-CN,zh;q=0.9',
  'accept-encoding' => 'gzip, deflate',
  'accept' => 'text/html,application/xhtml+xml,application/xml;q=0.9,image/webp,image/apng,*/*;q=0.8',
  'user-agent' => 'Mozilla/5.0 (Windows NT 10.0; WOW64) AppleWebKit/537.36 (KHTML, like Gecko) Chrome/70.0.3538.110 Safari/537.36',
  'upgrade-insecure-requests' => '1',
  'cache-control' => 'max-age=0',
  'connection' => 'close',
  'host' => 'www.activity.com',
)
[ info ] [ PARAM ] array (
)
---------------------------------------------------------------
[ 2018-12-04T17:28:56+08:00 ] 127.0.0.1 GET www.activity.com/
[运行时间：0.044616s] [吞吐率：22.41req/s] [内存消耗：1,687.30kb] [文件加载：61]
[ info ] [ LANG ] D:\localhost\activity\thinkphp\lang\zh-cn.php
[ info ] [ ROUTE ] array (
)
[ info ] [ HEADER ] array (
  'cookie' => 'pgv_pvi=1966599168; PHPSESSID=a2pakgoo9igolgfficom1rb13b',
  'accept-language' => 'zh-CN,zh;q=0.9',
  'accept-encoding' => 'gzip, deflate',
  'accept' => 'text/html,application/xhtml+xml,application/xml;q=0.9,image/webp,image/apng,*/*;q=0.8',
  'user-agent' => 'Mozilla/5.0 (Windows NT 10.0; WOW64) AppleWebKit/537.36 (KHTML, like Gecko) Chrome/70.0.3538.110 Safari/537.36',
  'upgrade-insecure-requests' => '1',
  'cache-control' => 'max-age=0',
  'connection' => 'close',
  'host' => 'www.activity.com',
)
[ info ] [ PARAM ] array (
)
---------------------------------------------------------------
[ 2018-12-04T17:29:41+08:00 ] 127.0.0.1 GET www.activity.com/
[运行时间：0.036532s] [吞吐率：27.37req/s] [内存消耗：1,687.67kb] [文件加载：61]
[ info ] [ LANG ] D:\localhost\activity\thinkphp\lang\zh-cn.php
[ info ] [ ROUTE ] array (
)
[ info ] [ HEADER ] array (
  'cookie' => 'pgv_pvi=1966599168; PHPSESSID=a2pakgoo9igolgfficom1rb13b',
  'accept-language' => 'zh-CN,zh;q=0.9',
  'accept-encoding' => 'gzip, deflate',
  'accept' => 'text/html,application/xhtml+xml,application/xml;q=0.9,image/webp,image/apng,*/*;q=0.8',
  'user-agent' => 'Mozilla/5.0 (Windows NT 10.0; WOW64) AppleWebKit/537.36 (KHTML, like Gecko) Chrome/70.0.3538.110 Safari/537.36',
  'upgrade-insecure-requests' => '1',
  'cache-control' => 'max-age=0',
  'connection' => 'close',
  'host' => 'www.activity.com',
)
[ info ] [ PARAM ] array (
)
---------------------------------------------------------------
[ 2018-12-04T17:29:56+08:00 ] 127.0.0.1 GET www.activity.com/
[运行时间：0.035796s] [吞吐率：27.94req/s] [内存消耗：1,687.67kb] [文件加载：61]
[ info ] [ LANG ] D:\localhost\activity\thinkphp\lang\zh-cn.php
[ info ] [ ROUTE ] array (
)
[ info ] [ HEADER ] array (
  'cookie' => 'pgv_pvi=1966599168; PHPSESSID=a2pakgoo9igolgfficom1rb13b',
  'accept-language' => 'zh-CN,zh;q=0.9',
  'accept-encoding' => 'gzip, deflate',
  'accept' => 'text/html,application/xhtml+xml,application/xml;q=0.9,image/webp,image/apng,*/*;q=0.8',
  'user-agent' => 'Mozilla/5.0 (Windows NT 10.0; WOW64) AppleWebKit/537.36 (KHTML, like Gecko) Chrome/70.0.3538.110 Safari/537.36',
  'upgrade-insecure-requests' => '1',
  'cache-control' => 'max-age=0',
  'connection' => 'close',
  'host' => 'www.activity.com',
)
[ info ] [ PARAM ] array (
)
---------------------------------------------------------------
[ 2018-12-04T17:32:30+08:00 ] 127.0.0.1 GET www.activity.com/
[运行时间：0.039381s] [吞吐率：25.39req/s] [内存消耗：1,687.92kb] [文件加载：61]
[ info ] [ LANG ] D:\localhost\activity\thinkphp\lang\zh-cn.php
[ info ] [ ROUTE ] array (
)
[ info ] [ HEADER ] array (
  'cookie' => 'pgv_pvi=1966599168; PHPSESSID=a2pakgoo9igolgfficom1rb13b',
  'accept-language' => 'zh-CN,zh;q=0.9',
  'accept-encoding' => 'gzip, deflate',
  'accept' => 'text/html,application/xhtml+xml,application/xml;q=0.9,image/webp,image/apng,*/*;q=0.8',
  'user-agent' => 'Mozilla/5.0 (Windows NT 10.0; WOW64) AppleWebKit/537.36 (KHTML, like Gecko) Chrome/70.0.3538.110 Safari/537.36',
  'upgrade-insecure-requests' => '1',
  'cache-control' => 'max-age=0',
  'connection' => 'close',
  'host' => 'www.activity.com',
)
[ info ] [ PARAM ] array (
)
---------------------------------------------------------------
[ 2018-12-04T17:32:58+08:00 ] 127.0.0.1 GET www.activity.com/
[运行时间：0.036056s] [吞吐率：27.73req/s] [内存消耗：1,688.17kb] [文件加载：61]
[ info ] [ LANG ] D:\localhost\activity\thinkphp\lang\zh-cn.php
[ info ] [ ROUTE ] array (
)
[ info ] [ HEADER ] array (
  'cookie' => 'pgv_pvi=1966599168; PHPSESSID=a2pakgoo9igolgfficom1rb13b',
  'accept-language' => 'zh-CN,zh;q=0.9',
  'accept-encoding' => 'gzip, deflate',
  'accept' => 'text/html,application/xhtml+xml,application/xml;q=0.9,image/webp,image/apng,*/*;q=0.8',
  'user-agent' => 'Mozilla/5.0 (Windows NT 10.0; WOW64) AppleWebKit/537.36 (KHTML, like Gecko) Chrome/70.0.3538.110 Safari/537.36',
  'upgrade-insecure-requests' => '1',
  'cache-control' => 'max-age=0',
  'connection' => 'close',
  'host' => 'www.activity.com',
)
[ info ] [ PARAM ] array (
)
---------------------------------------------------------------
[ 2018-12-04T17:33:55+08:00 ] 127.0.0.1 GET www.activity.com/
[运行时间：0.038952s] [吞吐率：25.67req/s] [内存消耗：1,688.17kb] [文件加载：61]
[ info ] [ LANG ] D:\localhost\activity\thinkphp\lang\zh-cn.php
[ info ] [ ROUTE ] array (
)
[ info ] [ HEADER ] array (
  'cookie' => 'pgv_pvi=1966599168; PHPSESSID=a2pakgoo9igolgfficom1rb13b',
  'accept-language' => 'zh-CN,zh;q=0.9',
  'accept-encoding' => 'gzip, deflate',
  'accept' => 'text/html,application/xhtml+xml,application/xml;q=0.9,image/webp,image/apng,*/*;q=0.8',
  'user-agent' => 'Mozilla/5.0 (Windows NT 10.0; WOW64) AppleWebKit/537.36 (KHTML, like Gecko) Chrome/70.0.3538.110 Safari/537.36',
  'upgrade-insecure-requests' => '1',
  'cache-control' => 'max-age=0',
  'connection' => 'close',
  'host' => 'www.activity.com',
)
[ info ] [ PARAM ] array (
)
---------------------------------------------------------------
[ 2018-12-04T17:34:50+08:00 ] 127.0.0.1 GET www.activity.com/
[运行时间：0.043299s] [吞吐率：23.10req/s] [内存消耗：1,687.93kb] [文件加载：61]
[ info ] [ LANG ] D:\localhost\activity\thinkphp\lang\zh-cn.php
[ info ] [ ROUTE ] array (
)
[ info ] [ HEADER ] array (
  'cookie' => 'pgv_pvi=1966599168; PHPSESSID=a2pakgoo9igolgfficom1rb13b',
  'accept-language' => 'zh-CN,zh;q=0.9',
  'accept-encoding' => 'gzip, deflate',
  'accept' => 'text/html,application/xhtml+xml,application/xml;q=0.9,image/webp,image/apng,*/*;q=0.8',
  'user-agent' => 'Mozilla/5.0 (Windows NT 10.0; WOW64) AppleWebKit/537.36 (KHTML, like Gecko) Chrome/70.0.3538.110 Safari/537.36',
  'upgrade-insecure-requests' => '1',
  'cache-control' => 'max-age=0',
  'connection' => 'close',
  'host' => 'www.activity.com',
)
[ info ] [ PARAM ] array (
)
---------------------------------------------------------------
[ 2018-12-04T17:34:51+08:00 ] 127.0.0.1 GET www.activity.com/
[运行时间：0.040297s] [吞吐率：24.82req/s] [内存消耗：1,687.93kb] [文件加载：61]
[ info ] [ LANG ] D:\localhost\activity\thinkphp\lang\zh-cn.php
[ info ] [ ROUTE ] array (
)
[ info ] [ HEADER ] array (
  'cookie' => 'pgv_pvi=1966599168; PHPSESSID=a2pakgoo9igolgfficom1rb13b',
  'accept-language' => 'zh-CN,zh;q=0.9',
  'accept-encoding' => 'gzip, deflate',
  'accept' => 'text/html,application/xhtml+xml,application/xml;q=0.9,image/webp,image/apng,*/*;q=0.8',
  'user-agent' => 'Mozilla/5.0 (Windows NT 10.0; WOW64) AppleWebKit/537.36 (KHTML, like Gecko) Chrome/70.0.3538.110 Safari/537.36',
  'upgrade-insecure-requests' => '1',
  'cache-control' => 'max-age=0',
  'connection' => 'close',
  'host' => 'www.activity.com',
)
[ info ] [ PARAM ] array (
)
---------------------------------------------------------------
[ 2018-12-04T17:37:35+08:00 ] 127.0.0.1 GET www.activity.com/
[运行时间：0.043323s] [吞吐率：23.08req/s] [内存消耗：1,687.93kb] [文件加载：61]
[ info ] [ LANG ] D:\localhost\activity\thinkphp\lang\zh-cn.php
[ info ] [ ROUTE ] array (
)
[ info ] [ HEADER ] array (
  'cookie' => 'pgv_pvi=1966599168; PHPSESSID=a2pakgoo9igolgfficom1rb13b',
  'accept-language' => 'zh-CN,zh;q=0.9',
  'accept-encoding' => 'gzip, deflate',
  'accept' => 'text/html,application/xhtml+xml,application/xml;q=0.9,image/webp,image/apng,*/*;q=0.8',
  'user-agent' => 'Mozilla/5.0 (Windows NT 10.0; WOW64) AppleWebKit/537.36 (KHTML, like Gecko) Chrome/70.0.3538.110 Safari/537.36',
  'upgrade-insecure-requests' => '1',
  'cache-control' => 'max-age=0',
  'connection' => 'close',
  'host' => 'www.activity.com',
)
[ info ] [ PARAM ] array (
)
---------------------------------------------------------------
[ 2018-12-04T17:37:55+08:00 ] 127.0.0.1 GET www.activity.com/
[运行时间：0.035564s] [吞吐率：28.12req/s] [内存消耗：1,687.92kb] [文件加载：61]
[ info ] [ LANG ] D:\localhost\activity\thinkphp\lang\zh-cn.php
[ info ] [ ROUTE ] array (
)
[ info ] [ HEADER ] array (
  'cookie' => 'pgv_pvi=1966599168; PHPSESSID=a2pakgoo9igolgfficom1rb13b',
  'accept-language' => 'zh-CN,zh;q=0.9',
  'accept-encoding' => 'gzip, deflate',
  'accept' => 'text/html,application/xhtml+xml,application/xml;q=0.9,image/webp,image/apng,*/*;q=0.8',
  'user-agent' => 'Mozilla/5.0 (Windows NT 10.0; WOW64) AppleWebKit/537.36 (KHTML, like Gecko) Chrome/70.0.3538.110 Safari/537.36',
  'upgrade-insecure-requests' => '1',
  'cache-control' => 'max-age=0',
  'connection' => 'close',
  'host' => 'www.activity.com',
)
[ info ] [ PARAM ] array (
)
---------------------------------------------------------------
[ 2018-12-04T17:38:15+08:00 ] 127.0.0.1 GET www.activity.com/
[运行时间：0.037062s] [吞吐率：26.98req/s] [内存消耗：1,687.92kb] [文件加载：61]
[ info ] [ LANG ] D:\localhost\activity\thinkphp\lang\zh-cn.php
[ info ] [ ROUTE ] array (
)
[ info ] [ HEADER ] array (
  'cookie' => 'pgv_pvi=1966599168; PHPSESSID=a2pakgoo9igolgfficom1rb13b',
  'accept-language' => 'zh-CN,zh;q=0.9',
  'accept-encoding' => 'gzip, deflate',
  'accept' => 'text/html,application/xhtml+xml,application/xml;q=0.9,image/webp,image/apng,*/*;q=0.8',
  'user-agent' => 'Mozilla/5.0 (Windows NT 10.0; WOW64) AppleWebKit/537.36 (KHTML, like Gecko) Chrome/70.0.3538.110 Safari/537.36',
  'upgrade-insecure-requests' => '1',
  'cache-control' => 'max-age=0',
  'connection' => 'close',
  'host' => 'www.activity.com',
)
[ info ] [ PARAM ] array (
)
---------------------------------------------------------------
[ 2018-12-04T17:40:23+08:00 ] 127.0.0.1 GET www.activity.com/
[运行时间：0.338319s] [吞吐率：2.96req/s] [内存消耗：1,781.09kb] [文件加载：68]
[ info ] [ LANG ] D:\localhost\activity\thinkphp\lang\zh-cn.php
[ info ] [ ROUTE ] array (
)
[ info ] [ HEADER ] array (
  'cookie' => 'pgv_pvi=1966599168; PHPSESSID=a2pakgoo9igolgfficom1rb13b',
  'accept-language' => 'zh-CN,zh;q=0.9',
  'accept-encoding' => 'gzip, deflate',
  'accept' => 'text/html,application/xhtml+xml,application/xml;q=0.9,image/webp,image/apng,*/*;q=0.8',
  'user-agent' => 'Mozilla/5.0 (Windows NT 10.0; WOW64) AppleWebKit/537.36 (KHTML, like Gecko) Chrome/70.0.3538.110 Safari/537.36',
  'upgrade-insecure-requests' => '1',
  'cache-control' => 'max-age=0',
  'connection' => 'close',
  'host' => 'www.activity.com',
)
[ info ] [ PARAM ] array (
)
[ error ] [2]fwrite() expects parameter 2 to be string, array given[D:\localhost\activity\application\common.php:36]
---------------------------------------------------------------
[ 2018-12-04T17:40:33+08:00 ] 127.0.0.1 GET www.activity.com/
[运行时间：0.037642s] [吞吐率：26.57req/s] [内存消耗：1,697.30kb] [文件加载：62]
[ info ] [ LANG ] D:\localhost\activity\thinkphp\lang\zh-cn.php
[ info ] [ ROUTE ] array (
)
[ info ] [ HEADER ] array (
  'cookie' => 'pgv_pvi=1966599168; PHPSESSID=a2pakgoo9igolgfficom1rb13b',
  'accept-language' => 'zh-CN,zh;q=0.9',
  'accept-encoding' => 'gzip, deflate',
  'accept' => 'text/html,application/xhtml+xml,application/xml;q=0.9,image/webp,image/apng,*/*;q=0.8',
  'user-agent' => 'Mozilla/5.0 (Windows NT 10.0; WOW64) AppleWebKit/537.36 (KHTML, like Gecko) Chrome/70.0.3538.110 Safari/537.36',
  'upgrade-insecure-requests' => '1',
  'cache-control' => 'max-age=0',
  'connection' => 'close',
  'host' => 'www.activity.com',
)
[ info ] [ PARAM ] array (
)
---------------------------------------------------------------
[ 2018-12-04T17:40:38+08:00 ] 127.0.0.1 GET www.activity.com/
[运行时间：0.046975s] [吞吐率：21.29req/s] [内存消耗：1,697.30kb] [文件加载：62]
[ info ] [ LANG ] D:\localhost\activity\thinkphp\lang\zh-cn.php
[ info ] [ ROUTE ] array (
)
[ info ] [ HEADER ] array (
  'cookie' => 'pgv_pvi=1966599168; PHPSESSID=a2pakgoo9igolgfficom1rb13b',
  'accept-language' => 'zh-CN,zh;q=0.9',
  'accept-encoding' => 'gzip, deflate',
  'accept' => 'text/html,application/xhtml+xml,application/xml;q=0.9,image/webp,image/apng,*/*;q=0.8',
  'user-agent' => 'Mozilla/5.0 (Windows NT 10.0; WOW64) AppleWebKit/537.36 (KHTML, like Gecko) Chrome/70.0.3538.110 Safari/537.36',
  'upgrade-insecure-requests' => '1',
  'cache-control' => 'max-age=0',
  'connection' => 'close',
  'host' => 'www.activity.com',
)
[ info ] [ PARAM ] array (
)
